mode: set
github.com/updu/updu/internal/api/handlers_admin.go:12.78,14.16 2 1
github.com/updu/updu/internal/api/handlers_admin.go:14.16,17.3 2 0
github.com/updu/updu/internal/api/handlers_admin.go:18.2,18.22 1 1
github.com/updu/updu/internal/api/handlers_admin.go:21.79,23.35 2 1
github.com/updu/updu/internal/api/handlers_admin.go:23.35,26.3 2 0
github.com/updu/updu/internal/api/handlers_admin.go:28.2,29.59 2 1
github.com/updu/updu/internal/api/handlers_admin.go:29.59,32.3 2 0
github.com/updu/updu/internal/api/handlers_admin.go:34.2,39.61 5 1
github.com/updu/updu/internal/api/handlers_admin.go:39.61,42.3 2 0
github.com/updu/updu/internal/api/handlers_admin.go:44.2,45.14 2 1
github.com/updu/updu/internal/api/handlers_admin.go:48.87,50.16 2 1
github.com/updu/updu/internal/api/handlers_admin.go:50.16,53.3 2 0
github.com/updu/updu/internal/api/handlers_admin.go:54.2,54.20 1 1
github.com/updu/updu/internal/api/handlers_admin.go:57.88,59.35 2 1
github.com/updu/updu/internal/api/handlers_admin.go:59.35,62.3 2 0
github.com/updu/updu/internal/api/handlers_admin.go:64.2,65.60 2 1
github.com/updu/updu/internal/api/handlers_admin.go:65.60,68.3 2 0
github.com/updu/updu/internal/api/handlers_admin.go:70.2,74.71 4 1
github.com/updu/updu/internal/api/handlers_admin.go:74.71,77.3 2 0
github.com/updu/updu/internal/api/handlers_admin.go:79.2,80.15 2 1
github.com/updu/updu/internal/api/handlers_admin.go:83.76,86.16 3 1
github.com/updu/updu/internal/api/handlers_admin.go:86.16,89.3 2 0
github.com/updu/updu/internal/api/handlers_admin.go:90.2,90.14 1 1
github.com/updu/updu/internal/api/handlers_admin.go:90.14,93.3 2 0
github.com/updu/updu/internal/api/handlers_admin.go:94.2,94.14 1 1
github.com/updu/updu/internal/api/handlers_admin.go:97.79,99.35 2 1
github.com/updu/updu/internal/api/handlers_admin.go:99.35,102.3 2 0
github.com/updu/updu/internal/api/handlers_admin.go:104.2,106.35 3 1
github.com/updu/updu/internal/api/handlers_admin.go:106.35,109.3 2 0
github.com/updu/updu/internal/api/handlers_admin.go:111.2,112.64 2 1
github.com/updu/updu/internal/api/handlers_admin.go:112.64,115.3 2 0
github.com/updu/updu/internal/api/handlers_admin.go:117.2,124.67 7 1
github.com/updu/updu/internal/api/handlers_admin.go:124.67,127.3 2 0
github.com/updu/updu/internal/api/handlers_admin.go:128.2,128.21 1 1
github.com/updu/updu/internal/api/handlers_admin.go:131.79,133.35 2 1
github.com/updu/updu/internal/api/handlers_admin.go:133.35,136.3 2 0
github.com/updu/updu/internal/api/handlers_admin.go:138.2,139.61 2 1
github.com/updu/updu/internal/api/handlers_admin.go:139.61,142.3 2 0
github.com/updu/updu/internal/api/handlers_admin.go:143.2,143.49 1 1
github.com/updu/updu/internal/api/handlers_admin.go:146.85,149.16 3 1
github.com/updu/updu/internal/api/handlers_admin.go:149.16,152.3 2 0
github.com/updu/updu/internal/api/handlers_admin.go:153.2,153.15 1 1
github.com/updu/updu/internal/api/handlers_admin.go:153.15,156.3 2 0
github.com/updu/updu/internal/api/handlers_admin.go:157.2,157.15 1 1
github.com/updu/updu/internal/api/handlers_admin.go:160.88,162.35 2 1
github.com/updu/updu/internal/api/handlers_admin.go:162.35,165.3 2 0
github.com/updu/updu/internal/api/handlers_admin.go:167.2,169.35 3 1
github.com/updu/updu/internal/api/handlers_admin.go:169.35,172.3 2 0
github.com/updu/updu/internal/api/handlers_admin.go:174.2,175.64 2 1
github.com/updu/updu/internal/api/handlers_admin.go:175.64,178.3 2 0
github.com/updu/updu/internal/api/handlers_admin.go:180.2,186.76 6 1
github.com/updu/updu/internal/api/handlers_admin.go:186.76,189.3 2 0
github.com/updu/updu/internal/api/handlers_admin.go:190.2,190.21 1 1
github.com/updu/updu/internal/api/handlers_admin.go:193.88,195.35 2 1
github.com/updu/updu/internal/api/handlers_admin.go:195.35,198.3 2 0
github.com/updu/updu/internal/api/handlers_admin.go:200.2,201.70 2 1
github.com/updu/updu/internal/api/handlers_admin.go:201.70,204.3 2 0
github.com/updu/updu/internal/api/handlers_admin.go:205.2,205.49 1 1
github.com/updu/updu/internal/api/handlers_admin.go:210.75,212.16 2 1
github.com/updu/updu/internal/api/handlers_admin.go:212.16,215.3 2 0
github.com/updu/updu/internal/api/handlers_admin.go:216.2,216.19 1 1
github.com/updu/updu/internal/api/handlers_admin.go:219.76,221.35 2 1
github.com/updu/updu/internal/api/handlers_admin.go:221.35,224.3 2 0
github.com/updu/updu/internal/api/handlers_admin.go:226.2,230.79 3 1
github.com/updu/updu/internal/api/handlers_admin.go:230.79,233.3 2 0
github.com/updu/updu/internal/api/handlers_admin.go:235.2,235.73 1 1
github.com/updu/updu/internal/api/handlers_admin.go:235.73,238.3 2 0
github.com/updu/updu/internal/api/handlers_admin.go:240.2,240.49 1 1
github.com/updu/updu/internal/api/handlers_admin.go:243.76,245.35 2 1
github.com/updu/updu/internal/api/handlers_admin.go:245.35,248.3 2 0
github.com/updu/updu/internal/api/handlers_admin.go:250.2,251.60 2 1
github.com/updu/updu/internal/api/handlers_admin.go:251.60,254.3 2 0
github.com/updu/updu/internal/api/handlers_admin.go:256.2,256.71 1 1
github.com/updu/updu/internal/api/handlers_admin.go:261.74,263.35 2 1
github.com/updu/updu/internal/api/handlers_admin.go:263.35,266.3 2 0
github.com/updu/updu/internal/api/handlers_admin.go:268.2,269.16 2 1
github.com/updu/updu/internal/api/handlers_admin.go:269.16,272.3 2 0
github.com/updu/updu/internal/api/handlers_admin.go:273.2,273.18 1 1
github.com/updu/updu/internal/api/handlers_admin.go:276.79,278.35 2 1
github.com/updu/updu/internal/api/handlers_admin.go:278.35,281.3 2 0
github.com/updu/updu/internal/api/handlers_admin.go:283.2,287.128 3 1
github.com/updu/updu/internal/api/handlers_admin.go:287.128,290.3 2 0
github.com/updu/updu/internal/api/handlers_admin.go:292.2,292.71 1 1
github.com/updu/updu/internal/api/handlers_admin.go:292.71,295.3 2 0
github.com/updu/updu/internal/api/handlers_admin.go:297.2,297.54 1 1
github.com/updu/updu/internal/api/handlers_admin.go:300.75,302.35 2 1
github.com/updu/updu/internal/api/handlers_admin.go:302.35,305.3 2 0
github.com/updu/updu/internal/api/handlers_admin.go:307.2,308.19 2 1
github.com/updu/updu/internal/api/handlers_admin.go:308.19,311.3 2 0
github.com/updu/updu/internal/api/handlers_admin.go:313.2,313.57 1 1
github.com/updu/updu/internal/api/handlers_admin.go:313.57,316.3 2 0
github.com/updu/updu/internal/api/handlers_admin.go:318.2,318.54 1 1
github.com/updu/updu/internal/api/handlers_admin.go:323.76,325.35 2 1
github.com/updu/updu/internal/api/handlers_admin.go:325.35,328.3 2 0
github.com/updu/updu/internal/api/handlers_admin.go:330.2,331.16 2 1
github.com/updu/updu/internal/api/handlers_admin.go:331.16,334.3 2 0
github.com/updu/updu/internal/api/handlers_admin.go:335.2,335.21 1 1
github.com/updu/updu/internal/api/handlers_admin.go:338.79,340.35 2 1
github.com/updu/updu/internal/api/handlers_admin.go:340.35,343.3 2 0
github.com/updu/updu/internal/api/handlers_admin.go:345.2,346.61 2 1
github.com/updu/updu/internal/api/handlers_admin.go:346.61,349.3 2 0
github.com/updu/updu/internal/api/handlers_admin.go:351.2,351.24 1 1
github.com/updu/updu/internal/api/handlers_admin.go:351.24,352.60 1 1
github.com/updu/updu/internal/api/handlers_admin.go:352.60,355.4 2 0
github.com/updu/updu/internal/api/handlers_admin.go:358.2,358.58 1 1
github.com/updu/updu/internal/api/handlers_backup.go:18.77,22.16 3 1
github.com/updu/updu/internal/api/handlers_backup.go:22.16,25.3 2 0
github.com/updu/updu/internal/api/handlers_backup.go:27.2,28.16 2 1
github.com/updu/updu/internal/api/handlers_backup.go:28.16,31.3 2 0
github.com/updu/updu/internal/api/handlers_backup.go:33.2,34.16 2 1
github.com/updu/updu/internal/api/handlers_backup.go:34.16,37.3 2 0
github.com/updu/updu/internal/api/handlers_backup.go:39.2,40.16 2 1
github.com/updu/updu/internal/api/handlers_backup.go:40.16,43.3 2 0
github.com/updu/updu/internal/api/handlers_backup.go:45.2,46.16 2 1
github.com/updu/updu/internal/api/handlers_backup.go:46.16,49.3 2 0
github.com/updu/updu/internal/api/handlers_backup.go:51.2,61.35 4 1
github.com/updu/updu/internal/api/handlers_backup.go:64.77,66.64 2 1
github.com/updu/updu/internal/api/handlers_backup.go:66.64,69.3 2 0
github.com/updu/updu/internal/api/handlers_backup.go:71.2,76.36 2 1
github.com/updu/updu/internal/api/handlers_backup.go:76.36,78.3 1 1
github.com/updu/updu/internal/api/handlers_backup.go:79.2,79.37 1 1
github.com/updu/updu/internal/api/handlers_backup.go:79.37,81.3 1 0
github.com/updu/updu/internal/api/handlers_backup.go:82.2,82.47 1 1
github.com/updu/updu/internal/api/handlers_backup.go:82.47,84.3 1 0
github.com/updu/updu/internal/api/handlers_backup.go:85.2,85.49 1 1
github.com/updu/updu/internal/api/handlers_backup.go:85.49,87.3 1 0
github.com/updu/updu/internal/api/handlers_backup.go:88.2,88.36 1 1
github.com/updu/updu/internal/api/handlers_backup.go:88.36,90.3 1 1
github.com/updu/updu/internal/api/handlers_backup.go:92.2,92.80 1 1
github.com/updu/updu/internal/api/handlers_heartbeat.go:10.78,12.16 2 1
github.com/updu/updu/internal/api/handlers_heartbeat.go:12.16,15.3 2 0
github.com/updu/updu/internal/api/handlers_heartbeat.go:17.2,18.16 2 1
github.com/updu/updu/internal/api/handlers_heartbeat.go:18.16,21.3 2 0
github.com/updu/updu/internal/api/handlers_heartbeat.go:22.2,22.14 1 1
github.com/updu/updu/internal/api/handlers_heartbeat.go:22.14,25.3 2 1
github.com/updu/updu/internal/api/handlers_heartbeat.go:28.2,30.61 3 1
github.com/updu/updu/internal/api/handlers_heartbeat.go:30.61,33.3 2 0
github.com/updu/updu/internal/api/handlers_heartbeat.go:36.2,36.23 1 1
github.com/updu/updu/internal/api/handlers_heartbeat.go:36.23,38.29 2 0
github.com/updu/updu/internal/api/handlers_heartbeat.go:38.29,46.4 2 0
github.com/updu/updu/internal/api/handlers_heartbeat.go:49.2,49.64 1 1
github.com/updu/updu/internal/api/handlers_notifications.go:12.89,14.16 2 1
github.com/updu/updu/internal/api/handlers_notifications.go:14.16,17.3 2 0
github.com/updu/updu/internal/api/handlers_notifications.go:18.2,18.21 1 1
github.com/updu/updu/internal/api/handlers_notifications.go:21.90,23.35 2 1
github.com/updu/updu/internal/api/handlers_notifications.go:23.35,26.3 2 0
github.com/updu/updu/internal/api/handlers_notifications.go:28.2,29.60 2 1
github.com/updu/updu/internal/api/handlers_notifications.go:29.60,32.3 2 0
github.com/updu/updu/internal/api/handlers_notifications.go:34.2,37.73 3 1
github.com/updu/updu/internal/api/handlers_notifications.go:37.73,40.3 2 0
github.com/updu/updu/internal/api/handlers_notifications.go:42.2,43.15 2 1
github.com/updu/updu/internal/api/handlers_notifications.go:46.87,49.16 3 1
github.com/updu/updu/internal/api/handlers_notifications.go:49.16,52.3 2 0
github.com/updu/updu/internal/api/handlers_notifications.go:53.2,53.15 1 1
github.com/updu/updu/internal/api/handlers_notifications.go:53.15,56.3 2 1
github.com/updu/updu/internal/api/handlers_notifications.go:57.2,57.15 1 1
github.com/updu/updu/internal/api/handlers_notifications.go:60.90,62.35 2 1
github.com/updu/updu/internal/api/handlers_notifications.go:62.35,65.3 2 0
github.com/updu/updu/internal/api/handlers_notifications.go:67.2,69.35 3 1
github.com/updu/updu/internal/api/handlers_notifications.go:69.35,72.3 2 0
github.com/updu/updu/internal/api/handlers_notifications.go:74.2,75.64 2 1
github.com/updu/updu/internal/api/handlers_notifications.go:75.64,78.3 2 0
github.com/updu/updu/internal/api/handlers_notifications.go:80.2,85.78 5 1
github.com/updu/updu/internal/api/handlers_notifications.go:85.78,88.3 2 0
github.com/updu/updu/internal/api/handlers_notifications.go:90.2,90.21 1 1
github.com/updu/updu/internal/api/handlers_notifications.go:93.90,95.35 2 1
github.com/updu/updu/internal/api/handlers_notifications.go:95.35,98.3 2 0
github.com/updu/updu/internal/api/handlers_notifications.go:100.2,101.72 2 1
github.com/updu/updu/internal/api/handlers_notifications.go:101.72,104.3 2 0
github.com/updu/updu/internal/api/handlers_notifications.go:105.2,105.49 1 1
github.com/updu/updu/internal/api/handlers_notifications.go:108.88,110.35 2 1
github.com/updu/updu/internal/api/handlers_notifications.go:110.35,113.3 2 0
github.com/updu/updu/internal/api/handlers_notifications.go:115.2,117.29 3 1
github.com/updu/updu/internal/api/handlers_notifications.go:117.29,120.3 2 0
github.com/updu/updu/internal/api/handlers_notifications.go:123.2,135.70 4 1
github.com/updu/updu/internal/api/handlers_system.go:8.75,10.16 2 1
github.com/updu/updu/internal/api/handlers_system.go:10.16,13.3 2 0
github.com/updu/updu/internal/api/handlers_system.go:14.2,14.20 1 1
github.com/updu/updu/internal/api/router.go:29.146,38.2 1 1
github.com/updu/updu/internal/api/router.go:41.40,45.56 2 1
github.com/updu/updu/internal/api/router.go:45.56,47.3 1 1
github.com/updu/updu/internal/api/router.go:50.2,121.28 49 1
github.com/updu/updu/internal/api/router.go:126.70,131.61 2 1
github.com/updu/updu/internal/api/router.go:131.61,134.3 2 0
github.com/updu/updu/internal/api/router.go:136.2,137.16 2 1
github.com/updu/updu/internal/api/router.go:137.16,140.3 2 1
github.com/updu/updu/internal/api/router.go:142.2,143.51 2 1
github.com/updu/updu/internal/api/router.go:146.73,151.61 2 1
github.com/updu/updu/internal/api/router.go:151.61,154.3 2 0
github.com/updu/updu/internal/api/router.go:156.2,156.27 1 1
github.com/updu/updu/internal/api/router.go:156.27,159.3 2 0
github.com/updu/updu/internal/api/router.go:160.2,160.27 1 1
github.com/updu/updu/internal/api/router.go:160.27,163.3 2 1
github.com/updu/updu/internal/api/router.go:167.2,168.16 2 1
github.com/updu/updu/internal/api/router.go:168.16,171.3 2 0
github.com/updu/updu/internal/api/router.go:172.2,172.15 1 1
github.com/updu/updu/internal/api/router.go:172.15,175.17 3 1
github.com/updu/updu/internal/api/router.go:175.17,177.22 2 1
github.com/updu/updu/internal/api/router.go:177.22,179.5 1 1
github.com/updu/updu/internal/api/router.go:182.3,182.51 1 1
github.com/updu/updu/internal/api/router.go:182.51,185.4 2 0
github.com/updu/updu/internal/api/router.go:188.2,189.16 2 1
github.com/updu/updu/internal/api/router.go:189.16,192.3 2 0
github.com/updu/updu/internal/api/router.go:194.2,198.4 1 1
github.com/updu/updu/internal/api/router.go:201.71,203.16 2 1
github.com/updu/updu/internal/api/router.go:203.16,205.3 1 1
github.com/updu/updu/internal/api/router.go:206.2,207.52 2 1
github.com/updu/updu/internal/api/router.go:210.72,212.17 2 1
github.com/updu/updu/internal/api/router.go:212.17,215.3 2 0
github.com/updu/updu/internal/api/router.go:216.2,220.4 1 1
github.com/updu/updu/internal/api/router.go:225.77,227.16 2 1
github.com/updu/updu/internal/api/router.go:227.16,230.3 2 0
github.com/updu/updu/internal/api/router.go:231.2,231.21 1 1
github.com/updu/updu/internal/api/router.go:234.78,236.35 2 1
github.com/updu/updu/internal/api/router.go:236.35,239.3 2 0
github.com/updu/updu/internal/api/router.go:241.2,242.59 2 1
github.com/updu/updu/internal/api/router.go:242.59,245.3 2 0
github.com/updu/updu/internal/api/router.go:248.2,249.14 2 1
github.com/updu/updu/internal/api/router.go:249.14,252.3 2 0
github.com/updu/updu/internal/api/router.go:253.2,253.45 1 1
github.com/updu/updu/internal/api/router.go:253.45,256.3 2 0
github.com/updu/updu/internal/api/router.go:259.2,264.22 6 1
github.com/updu/updu/internal/api/router.go:264.22,266.3 1 1
github.com/updu/updu/internal/api/router.go:267.2,267.21 1 1
github.com/updu/updu/internal/api/router.go:267.21,269.3 1 1
github.com/updu/updu/internal/api/router.go:270.2,270.20 1 1
github.com/updu/updu/internal/api/router.go:270.20,272.3 1 1
github.com/updu/updu/internal/api/router.go:273.2,275.60 2 1
github.com/updu/updu/internal/api/router.go:275.60,278.3 2 0
github.com/updu/updu/internal/api/router.go:281.2,284.14 3 1
github.com/updu/updu/internal/api/router.go:287.75,290.16 3 1
github.com/updu/updu/internal/api/router.go:290.16,293.3 2 0
github.com/updu/updu/internal/api/router.go:294.2,294.14 1 1
github.com/updu/updu/internal/api/router.go:294.14,297.3 2 1
github.com/updu/updu/internal/api/router.go:300.2,301.19 2 1
github.com/updu/updu/internal/api/router.go:301.19,305.3 3 0
github.com/updu/updu/internal/api/router.go:305.8,307.3 1 1
github.com/updu/updu/internal/api/router.go:309.2,309.14 1 1
github.com/updu/updu/internal/api/router.go:312.78,314.35 2 1
github.com/updu/updu/internal/api/router.go:314.35,317.3 2 0
github.com/updu/updu/internal/api/router.go:319.2,321.35 3 1
github.com/updu/updu/internal/api/router.go:321.35,324.3 2 0
github.com/updu/updu/internal/api/router.go:326.2,327.64 2 1
github.com/updu/updu/internal/api/router.go:327.64,330.3 2 0
github.com/updu/updu/internal/api/router.go:333.2,344.66 11 1
github.com/updu/updu/internal/api/router.go:344.66,347.3 2 0
github.com/updu/updu/internal/api/router.go:349.2,350.21 2 1
github.com/updu/updu/internal/api/router.go:353.78,355.35 2 1
github.com/updu/updu/internal/api/router.go:355.35,358.3 2 0
github.com/updu/updu/internal/api/router.go:360.2,362.60 3 1
github.com/updu/updu/internal/api/router.go:362.60,365.3 2 0
github.com/updu/updu/internal/api/router.go:366.2,366.49 1 1
github.com/updu/updu/internal/api/router.go:369.81,372.16 3 1
github.com/updu/updu/internal/api/router.go:372.16,375.3 2 0
github.com/updu/updu/internal/api/router.go:376.2,376.19 1 1
github.com/updu/updu/internal/api/router.go:379.81,390.2 5 1
github.com/updu/updu/internal/api/router.go:394.74,396.16 2 1
github.com/updu/updu/internal/api/router.go:396.16,399.3 2 0
github.com/updu/updu/internal/api/router.go:400.2,403.4 1 1
github.com/updu/updu/internal/api/router.go:408.78,411.29 3 1
github.com/updu/updu/internal/api/router.go:411.29,414.3 2 0
github.com/updu/updu/internal/api/router.go:417.2,421.4 2 1
github.com/updu/updu/internal/api/router.go:424.80,426.16 2 1
github.com/updu/updu/internal/api/router.go:426.16,429.3 2 0
github.com/updu/updu/internal/api/router.go:430.2,430.18 1 1
github.com/updu/updu/internal/api/router.go:433.82,436.29 3 1
github.com/updu/updu/internal/api/router.go:436.29,439.3 2 0
github.com/updu/updu/internal/api/router.go:440.2,440.15 1 1
github.com/updu/updu/internal/api/router.go:443.81,445.35 2 1
github.com/updu/updu/internal/api/router.go:445.35,448.3 2 0
github.com/updu/updu/internal/api/router.go:450.2,451.60 2 1
github.com/updu/updu/internal/api/router.go:451.60,454.3 2 0
github.com/updu/updu/internal/api/router.go:456.2,458.19 3 1
github.com/updu/updu/internal/api/router.go:458.19,461.3 2 1
github.com/updu/updu/internal/api/router.go:463.2,463.64 1 1
github.com/updu/updu/internal/api/router.go:463.64,466.3 2 0
github.com/updu/updu/internal/api/router.go:467.2,468.15 2 1
github.com/updu/updu/internal/api/router.go:471.81,473.35 2 1
github.com/updu/updu/internal/api/router.go:473.35,476.3 2 0
github.com/updu/updu/internal/api/router.go:478.2,480.35 3 1
github.com/updu/updu/internal/api/router.go:480.35,483.3 2 0
github.com/updu/updu/internal/api/router.go:485.2,486.64 2 1
github.com/updu/updu/internal/api/router.go:486.64,489.3 2 0
github.com/updu/updu/internal/api/router.go:491.2,496.27 6 1
github.com/updu/updu/internal/api/router.go:496.27,498.3 1 0
github.com/updu/updu/internal/api/router.go:500.2,500.69 1 1
github.com/updu/updu/internal/api/router.go:500.69,503.3 2 0
github.com/updu/updu/internal/api/router.go:504.2,504.21 1 1
github.com/updu/updu/internal/api/router.go:507.81,509.35 2 1
github.com/updu/updu/internal/api/router.go:509.35,512.3 2 0
github.com/updu/updu/internal/api/router.go:514.2,515.63 2 1
github.com/updu/updu/internal/api/router.go:515.63,518.3 2 0
github.com/updu/updu/internal/api/router.go:519.2,519.49 1 1
github.com/updu/updu/internal/api/router.go:524.71,526.2 1 1
github.com/updu/updu/internal/api/router.go:530.46,533.2 2 1
github.com/updu/updu/internal/api/router.go:535.65,539.2 3 1
github.com/updu/updu/internal/api/router.go:541.53,542.71 1 1
github.com/updu/updu/internal/api/router.go:542.71,551.28 6 1
github.com/updu/updu/internal/api/router.go:551.28,554.4 2 0
github.com/updu/updu/internal/api/router.go:556.3,562.4 2 1
