mode: set
github.com/updu/updu/internal/checker/checker.go:29.108,31.2 1 0
github.com/updu/updu/internal/checker/checker.go:51.30,64.2 7 1
github.com/updu/updu/internal/checker/checker.go:67.40,69.2 1 1
github.com/updu/updu/internal/checker/checker.go:72.44,74.2 1 1
github.com/updu/updu/internal/checker/checker.go:77.37,79.28 2 1
github.com/updu/updu/internal/checker/checker.go:79.28,81.3 1 1
github.com/updu/updu/internal/checker/checker.go:82.2,82.14 1 1
github.com/updu/updu/internal/checker/dns.go:19.36,19.52 1 1
github.com/updu/updu/internal/checker/dns.go:21.61,23.53 2 1
github.com/updu/updu/internal/checker/dns.go:23.53,25.3 1 0
github.com/updu/updu/internal/checker/dns.go:26.2,26.20 1 1
github.com/updu/updu/internal/checker/dns.go:26.20,28.3 1 1
github.com/updu/updu/internal/checker/dns.go:29.2,29.12 1 1
github.com/updu/updu/internal/checker/dns.go:32.103,34.61 2 1
github.com/updu/updu/internal/checker/dns.go:34.61,36.3 1 0
github.com/updu/updu/internal/checker/dns.go:38.2,39.21 2 1
github.com/updu/updu/internal/checker/dns.go:39.21,41.3 1 0
github.com/updu/updu/internal/checker/dns.go:43.2,43.24 1 1
github.com/updu/updu/internal/checker/dns.go:43.24,46.79 1 0
github.com/updu/updu/internal/checker/dns.go:46.79,49.45 3 0
github.com/updu/updu/internal/checker/dns.go:49.45,51.6 1 0
github.com/updu/updu/internal/checker/dns.go:52.5,52.51 1 0
github.com/updu/updu/internal/checker/dns.go:57.2,62.22 5 1
github.com/updu/updu/internal/checker/dns.go:62.22,64.3 1 0
github.com/updu/updu/internal/checker/dns.go:66.2,70.37 4 1
github.com/updu/updu/internal/checker/dns.go:71.11,74.18 3 1
github.com/updu/updu/internal/checker/dns.go:75.14,78.26 3 1
github.com/updu/updu/internal/checker/dns.go:78.26,80.4 1 1
github.com/updu/updu/internal/checker/dns.go:81.15,84.18 3 1
github.com/updu/updu/internal/checker/dns.go:84.18,86.4 1 1
github.com/updu/updu/internal/checker/dns.go:87.12,90.26 3 1
github.com/updu/updu/internal/checker/dns.go:90.26,92.4 1 1
github.com/updu/updu/internal/checker/dns.go:93.13,94.51 1 0
github.com/updu/updu/internal/checker/dns.go:95.12,98.26 3 1
github.com/updu/updu/internal/checker/dns.go:98.26,100.4 1 1
github.com/updu/updu/internal/checker/dns.go:101.10,102.77 1 1
github.com/updu/updu/internal/checker/dns.go:105.2,113.16 3 1
github.com/updu/updu/internal/checker/dns.go:113.16,117.3 3 1
github.com/updu/updu/internal/checker/dns.go:119.2,119.23 1 1
github.com/updu/updu/internal/checker/dns.go:119.23,123.3 3 0
github.com/updu/updu/internal/checker/dns.go:126.2,126.24 1 1
github.com/updu/updu/internal/checker/dns.go:126.24,128.29 2 0
github.com/updu/updu/internal/checker/dns.go:128.29,129.41 1 0
github.com/updu/updu/internal/checker/dns.go:129.41,131.10 2 0
github.com/updu/updu/internal/checker/dns.go:134.3,134.13 1 0
github.com/updu/updu/internal/checker/dns.go:134.13,138.4 3 0
github.com/updu/updu/internal/checker/dns.go:141.2,150.20 5 1
github.com/updu/updu/internal/checker/http.go:19.37,19.54 1 1
github.com/updu/updu/internal/checker/http.go:21.62,23.53 2 1
github.com/updu/updu/internal/checker/http.go:23.53,25.3 1 0
github.com/updu/updu/internal/checker/http.go:26.2,26.19 1 1
github.com/updu/updu/internal/checker/http.go:26.19,28.3 1 1
github.com/updu/updu/internal/checker/http.go:29.2,29.12 1 1
github.com/updu/updu/internal/checker/http.go:32.104,34.61 2 1
github.com/updu/updu/internal/checker/http.go:34.61,36.3 1 1
github.com/updu/updu/internal/checker/http.go:38.2,39.18 2 1
github.com/updu/updu/internal/checker/http.go:39.18,41.3 1 1
github.com/updu/updu/internal/checker/http.go:43.2,52.69 2 1
github.com/updu/updu/internal/checker/http.go:52.69,53.22 1 0
github.com/updu/updu/internal/checker/http.go:53.22,55.5 1 0
github.com/updu/updu/internal/checker/http.go:56.4,56.14 1 0
github.com/updu/updu/internal/checker/http.go:60.2,61.20 2 1
github.com/updu/updu/internal/checker/http.go:61.20,63.3 1 1
github.com/updu/updu/internal/checker/http.go:65.2,66.16 2 1
github.com/updu/updu/internal/checker/http.go:66.16,68.3 1 1
github.com/updu/updu/internal/checker/http.go:70.2,70.32 1 1
github.com/updu/updu/internal/checker/http.go:70.32,72.3 1 1
github.com/updu/updu/internal/checker/http.go:74.2,78.16 4 1
github.com/updu/updu/internal/checker/http.go:78.16,86.3 1 0
github.com/updu/updu/internal/checker/http.go:87.2,99.25 5 1
github.com/updu/updu/internal/checker/http.go:99.25,101.3 1 1
github.com/updu/updu/internal/checker/http.go:103.2,103.43 1 1
github.com/updu/updu/internal/checker/http.go:103.43,106.3 2 1
github.com/updu/updu/internal/checker/http.go:106.8,106.71 1 1
github.com/updu/updu/internal/checker/http.go:106.71,109.3 2 0
github.com/updu/updu/internal/checker/http.go:109.8,111.3 1 1
github.com/updu/updu/internal/checker/http.go:114.2,114.64 1 1
github.com/updu/updu/internal/checker/http.go:114.64,116.17 2 1
github.com/updu/updu/internal/checker/http.go:116.17,119.4 2 0
github.com/updu/updu/internal/checker/http.go:119.9,119.63 1 1
github.com/updu/updu/internal/checker/http.go:119.63,122.4 2 0
github.com/updu/updu/internal/checker/http.go:125.2,125.20 1 1
github.com/updu/updu/internal/checker/http.go:128.64,135.2 1 1
github.com/updu/updu/internal/checker/ping.go:22.37,22.54 1 1
github.com/updu/updu/internal/checker/ping.go:24.62,26.53 2 1
github.com/updu/updu/internal/checker/ping.go:26.53,28.3 1 0
github.com/updu/updu/internal/checker/ping.go:29.2,29.20 1 1
github.com/updu/updu/internal/checker/ping.go:29.20,31.3 1 1
github.com/updu/updu/internal/checker/ping.go:32.2,32.12 1 1
github.com/updu/updu/internal/checker/ping.go:37.104,39.61 2 1
github.com/updu/updu/internal/checker/ping.go:39.61,41.3 1 0
github.com/updu/updu/internal/checker/ping.go:43.2,44.16 2 1
github.com/updu/updu/internal/checker/ping.go:44.16,46.3 1 1
github.com/updu/updu/internal/checker/ping.go:49.2,49.52 1 1
github.com/updu/updu/internal/checker/ping.go:49.52,56.3 1 0
github.com/updu/updu/internal/checker/ping.go:58.2,63.22 5 1
github.com/updu/updu/internal/checker/ping.go:63.22,65.3 1 0
github.com/updu/updu/internal/checker/ping.go:67.2,77.16 5 1
github.com/updu/updu/internal/checker/ping.go:77.16,82.3 4 1
github.com/updu/updu/internal/checker/ping.go:85.2,86.22 2 1
github.com/updu/updu/internal/checker/ping.go:86.22,88.29 2 1
github.com/updu/updu/internal/checker/ping.go:88.29,89.58 1 1
github.com/updu/updu/internal/checker/ping.go:89.58,91.5 1 1
github.com/updu/updu/internal/checker/ping.go:93.3,94.33 2 1
github.com/updu/updu/internal/checker/ping.go:95.8,97.3 1 0
github.com/updu/updu/internal/checker/ping.go:99.2,101.20 3 1
github.com/updu/updu/internal/checker/ssl.go:18.36,18.52 1 1
github.com/updu/updu/internal/checker/ssl.go:20.61,22.53 2 1
github.com/updu/updu/internal/checker/ssl.go:22.53,24.3 1 0
github.com/updu/updu/internal/checker/ssl.go:25.2,25.20 1 1
github.com/updu/updu/internal/checker/ssl.go:25.20,27.3 1 1
github.com/updu/updu/internal/checker/ssl.go:28.2,28.12 1 1
github.com/updu/updu/internal/checker/ssl.go:31.103,33.61 2 1
github.com/updu/updu/internal/checker/ssl.go:33.61,35.3 1 0
github.com/updu/updu/internal/checker/ssl.go:37.2,38.15 2 1
github.com/updu/updu/internal/checker/ssl.go:38.15,40.3 1 0
github.com/updu/updu/internal/checker/ssl.go:42.2,43.27 2 1
github.com/updu/updu/internal/checker/ssl.go:43.27,45.3 1 1
github.com/updu/updu/internal/checker/ssl.go:48.2,49.18 2 1
github.com/updu/updu/internal/checker/ssl.go:49.18,51.3 1 0
github.com/updu/updu/internal/checker/ssl.go:53.2,65.16 5 1
github.com/updu/updu/internal/checker/ssl.go:65.16,73.3 1 1
github.com/updu/updu/internal/checker/ssl.go:74.2,78.38 3 1
github.com/updu/updu/internal/checker/ssl.go:78.38,86.3 1 0
github.com/updu/updu/internal/checker/ssl.go:88.2,97.24 4 1
github.com/updu/updu/internal/checker/ssl.go:97.24,100.3 2 1
github.com/updu/updu/internal/checker/ssl.go:100.8,100.73 1 1
github.com/updu/updu/internal/checker/ssl.go:100.73,103.3 2 1
github.com/updu/updu/internal/checker/ssl.go:103.8,106.3 2 1
github.com/updu/updu/internal/checker/ssl.go:108.2,108.20 1 1
github.com/updu/updu/internal/checker/tcp.go:17.36,17.52 1 1
github.com/updu/updu/internal/checker/tcp.go:19.61,21.53 2 1
github.com/updu/updu/internal/checker/tcp.go:21.53,23.3 1 0
github.com/updu/updu/internal/checker/tcp.go:24.2,24.20 1 1
github.com/updu/updu/internal/checker/tcp.go:24.20,26.3 1 1
github.com/updu/updu/internal/checker/tcp.go:27.2,27.39 1 1
github.com/updu/updu/internal/checker/tcp.go:27.39,29.3 1 0
github.com/updu/updu/internal/checker/tcp.go:30.2,30.12 1 1
github.com/updu/updu/internal/checker/tcp.go:33.103,35.61 2 1
github.com/updu/updu/internal/checker/tcp.go:35.61,37.3 1 0
github.com/updu/updu/internal/checker/tcp.go:39.2,52.16 7 1
github.com/updu/updu/internal/checker/tcp.go:52.16,55.3 2 1
github.com/updu/updu/internal/checker/tcp.go:55.8,59.3 3 1
github.com/updu/updu/internal/checker/tcp.go:61.2,61.20 1 1
github.com/updu/updu/internal/config/config.go:34.21,53.2 1 1
github.com/updu/updu/internal/config/config.go:55.41,56.34 1 1
github.com/updu/updu/internal/config/config.go:56.34,58.3 1 1
github.com/updu/updu/internal/config/config.go:59.2,59.17 1 1
github.com/updu/updu/internal/config/config.go:62.43,63.34 1 1
github.com/updu/updu/internal/config/config.go:63.34,64.44 1 1
github.com/updu/updu/internal/config/config.go:64.44,66.4 1 1
github.com/updu/updu/internal/config/config.go:68.2,68.17 1 1
github.com/updu/updu/internal/notifier/channels/discord.go:20.42,26.2 1 1
github.com/updu/updu/internal/notifier/channels/discord.go:28.40,30.2 1 1
github.com/updu/updu/internal/notifier/channels/discord.go:32.134,34.22 2 1
github.com/updu/updu/internal/notifier/channels/discord.go:34.22,36.3 1 1
github.com/updu/updu/internal/notifier/channels/discord.go:38.2,39.38 2 1
github.com/updu/updu/internal/notifier/channels/discord.go:39.38,41.3 1 0
github.com/updu/updu/internal/notifier/channels/discord.go:43.2,72.16 3 1
github.com/updu/updu/internal/notifier/channels/discord.go:72.16,74.3 1 0
github.com/updu/updu/internal/notifier/channels/discord.go:76.2,77.16 2 1
github.com/updu/updu/internal/notifier/channels/discord.go:77.16,79.3 1 0
github.com/updu/updu/internal/notifier/channels/discord.go:81.2,84.16 3 1
github.com/updu/updu/internal/notifier/channels/discord.go:84.16,86.3 1 0
github.com/updu/updu/internal/notifier/channels/discord.go:87.2,89.53 2 1
github.com/updu/updu/internal/notifier/channels/discord.go:89.53,91.3 1 1
github.com/updu/updu/internal/notifier/channels/discord.go:93.2,93.12 1 1
github.com/updu/updu/internal/notifier/channels/email.go:16.38,18.2 1 1
github.com/updu/updu/internal/notifier/channels/email.go:20.38,22.2 1 1
github.com/updu/updu/internal/notifier/channels/email.go:24.132,33.29 8 1
github.com/updu/updu/internal/notifier/channels/email.go:34.15,35.11 1 1
github.com/updu/updu/internal/notifier/channels/email.go:36.11,37.20 1 0
github.com/updu/updu/internal/notifier/channels/email.go:40.2,40.55 1 1
github.com/updu/updu/internal/notifier/channels/email.go:40.55,42.3 1 0
github.com/updu/updu/internal/notifier/channels/email.go:44.2,45.29 2 1
github.com/updu/updu/internal/notifier/channels/email.go:45.29,47.3 1 0
github.com/updu/updu/internal/notifier/channels/email.go:49.2,58.16 7 1
github.com/updu/updu/internal/notifier/channels/email.go:58.16,60.3 1 0
github.com/updu/updu/internal/notifier/channels/email.go:62.2,65.16 3 1
github.com/updu/updu/internal/notifier/channels/email.go:65.16,67.3 1 1
github.com/updu/updu/internal/notifier/channels/email.go:69.2,69.12 1 0
github.com/updu/updu/internal/notifier/channels/slack.go:20.38,26.2 1 1
github.com/updu/updu/internal/notifier/channels/slack.go:28.38,30.2 1 1
github.com/updu/updu/internal/notifier/channels/slack.go:32.132,34.22 2 1
github.com/updu/updu/internal/notifier/channels/slack.go:34.22,36.3 1 1
github.com/updu/updu/internal/notifier/channels/slack.go:38.2,39.38 2 1
github.com/updu/updu/internal/notifier/channels/slack.go:39.38,41.3 1 1
github.com/updu/updu/internal/notifier/channels/slack.go:43.2,44.29 2 1
github.com/updu/updu/internal/notifier/channels/slack.go:44.29,46.3 1 1
github.com/updu/updu/internal/notifier/channels/slack.go:48.2,65.16 3 1
github.com/updu/updu/internal/notifier/channels/slack.go:65.16,67.3 1 0
github.com/updu/updu/internal/notifier/channels/slack.go:69.2,70.16 2 1
github.com/updu/updu/internal/notifier/channels/slack.go:70.16,72.3 1 0
github.com/updu/updu/internal/notifier/channels/slack.go:74.2,77.16 3 1
github.com/updu/updu/internal/notifier/channels/slack.go:77.16,79.3 1 0
github.com/updu/updu/internal/notifier/channels/slack.go:80.2,82.53 2 1
github.com/updu/updu/internal/notifier/channels/slack.go:82.53,84.3 1 1
github.com/updu/updu/internal/notifier/channels/slack.go:86.2,86.12 1 1
github.com/updu/updu/internal/notifier/channels/webhook.go:20.42,26.2 1 1
github.com/updu/updu/internal/notifier/channels/webhook.go:28.40,30.2 1 1
github.com/updu/updu/internal/notifier/channels/webhook.go:32.134,34.22 2 1
github.com/updu/updu/internal/notifier/channels/webhook.go:34.22,36.3 1 1
github.com/updu/updu/internal/notifier/channels/webhook.go:38.2,39.18 2 1
github.com/updu/updu/internal/notifier/channels/webhook.go:39.18,41.3 1 1
github.com/updu/updu/internal/notifier/channels/webhook.go:43.2,53.16 3 1
github.com/updu/updu/internal/notifier/channels/webhook.go:53.16,55.3 1 0
github.com/updu/updu/internal/notifier/channels/webhook.go:57.2,58.16 2 1
github.com/updu/updu/internal/notifier/channels/webhook.go:58.16,60.3 1 0
github.com/updu/updu/internal/notifier/channels/webhook.go:62.2,66.59 3 1
github.com/updu/updu/internal/notifier/channels/webhook.go:66.59,67.29 1 1
github.com/updu/updu/internal/notifier/channels/webhook.go:67.29,68.31 1 1
github.com/updu/updu/internal/notifier/channels/webhook.go:68.31,70.5 1 1
github.com/updu/updu/internal/notifier/channels/webhook.go:74.2,75.16 2 1
github.com/updu/updu/internal/notifier/channels/webhook.go:75.16,77.3 1 0
github.com/updu/updu/internal/notifier/channels/webhook.go:78.2,80.53 2 1
github.com/updu/updu/internal/notifier/channels/webhook.go:80.53,82.3 1 1
github.com/updu/updu/internal/notifier/channels/webhook.go:84.2,84.12 1 1
github.com/updu/updu/internal/realtime/sse.go:24.20,28.2 1 1
github.com/updu/updu/internal/realtime/sse.go:31.34,35.28 3 1
github.com/updu/updu/internal/realtime/sse.go:35.28,36.10 1 1
github.com/updu/updu/internal/realtime/sse.go:37.16,37.16 0 1
github.com/updu/updu/internal/realtime/sse.go:38.11,38.11 0 0
github.com/updu/updu/internal/realtime/sse.go:45.65,47.9 2 1
github.com/updu/updu/internal/realtime/sse.go:47.9,50.3 2 0
github.com/updu/updu/internal/realtime/sse.go:52.2,63.15 9 1
github.com/updu/updu/internal/realtime/sse.go:63.15,68.3 4 1
github.com/updu/updu/internal/realtime/sse.go:70.2,73.6 3 1
github.com/updu/updu/internal/realtime/sse.go:73.6,74.10 1 1
github.com/updu/updu/internal/realtime/sse.go:75.21,76.10 1 1
github.com/updu/updu/internal/realtime/sse.go:77.22,79.18 2 1
github.com/updu/updu/internal/realtime/sse.go:79.18,80.13 1 0
github.com/updu/updu/internal/realtime/sse.go:82.4,83.19 2 1
github.com/updu/updu/internal/realtime/sse.go:89.33,93.2 3 1
github.com/updu/updu/cmd/updu/main.go:30.13,41.16 6 1
github.com/updu/updu/cmd/updu/main.go:41.16,44.3 2 0
github.com/updu/updu/cmd/updu/main.go:45.2,47.57 2 1
github.com/updu/updu/cmd/updu/main.go:47.57,50.3 2 0
github.com/updu/updu/cmd/updu/main.go:53.2,53.12 1 1
github.com/updu/updu/cmd/updu/main.go:53.12,57.7 3 1
github.com/updu/updu/cmd/updu/main.go:57.7,58.11 1 1
github.com/updu/updu/cmd/updu/main.go:59.27,60.50 1 0
github.com/updu/updu/cmd/updu/main.go:61.25,65.32 3 0
github.com/updu/updu/cmd/updu/main.go:65.32,67.6 1 0
github.com/updu/updu/cmd/updu/main.go:73.2,79.64 5 1
github.com/updu/updu/cmd/updu/main.go:79.64,81.3 1 0
github.com/updu/updu/cmd/updu/main.go:84.2,98.58 9 1
github.com/updu/updu/cmd/updu/main.go:98.58,101.3 2 0
github.com/updu/updu/cmd/updu/main.go:102.2,114.16 7 1
github.com/updu/updu/cmd/updu/main.go:114.16,116.3 1 0
github.com/updu/updu/cmd/updu/main.go:116.8,118.81 2 1
github.com/updu/updu/cmd/updu/main.go:118.81,120.19 2 0
github.com/updu/updu/cmd/updu/main.go:120.19,122.5 1 0
github.com/updu/updu/cmd/updu/main.go:122.10,124.5 1 0
github.com/updu/updu/cmd/updu/main.go:126.4,126.49 1 0
github.com/updu/updu/cmd/updu/main.go:126.49,129.5 1 0
github.com/updu/updu/cmd/updu/main.go:129.10,131.5 1 0
github.com/updu/updu/cmd/updu/main.go:132.4,132.30 1 0
github.com/updu/updu/cmd/updu/main.go:136.2,146.12 3 1
github.com/updu/updu/cmd/updu/main.go:146.12,148.77 2 1
github.com/updu/updu/cmd/updu/main.go:148.77,150.4 1 0
github.com/updu/updu/cmd/updu/main.go:154.2,161.42 7 1
github.com/updu/updu/cmd/updu/main.go:161.42,163.3 1 0
github.com/updu/updu/internal/api/handlers_admin.go:12.78,14.16 2 1
github.com/updu/updu/internal/api/handlers_admin.go:14.16,17.3 2 0
github.com/updu/updu/internal/api/handlers_admin.go:18.2,18.22 1 1
github.com/updu/updu/internal/api/handlers_admin.go:21.79,23.35 2 1
github.com/updu/updu/internal/api/handlers_admin.go:23.35,26.3 2 0
github.com/updu/updu/internal/api/handlers_admin.go:28.2,29.59 2 1
github.com/updu/updu/internal/api/handlers_admin.go:29.59,32.3 2 1
github.com/updu/updu/internal/api/handlers_admin.go:34.2,39.61 5 1
github.com/updu/updu/internal/api/handlers_admin.go:39.61,42.3 2 0
github.com/updu/updu/internal/api/handlers_admin.go:44.2,45.14 2 1
github.com/updu/updu/internal/api/handlers_admin.go:48.87,50.16 2 1
github.com/updu/updu/internal/api/handlers_admin.go:50.16,53.3 2 0
github.com/updu/updu/internal/api/handlers_admin.go:54.2,54.20 1 1
github.com/updu/updu/internal/api/handlers_admin.go:57.88,59.35 2 1
github.com/updu/updu/internal/api/handlers_admin.go:59.35,62.3 2 0
github.com/updu/updu/internal/api/handlers_admin.go:64.2,65.60 2 1
github.com/updu/updu/internal/api/handlers_admin.go:65.60,68.3 2 1
github.com/updu/updu/internal/api/handlers_admin.go:70.2,74.71 4 1
github.com/updu/updu/internal/api/handlers_admin.go:74.71,77.3 2 0
github.com/updu/updu/internal/api/handlers_admin.go:79.2,80.15 2 1
github.com/updu/updu/internal/api/handlers_admin.go:83.76,86.16 3 1
github.com/updu/updu/internal/api/handlers_admin.go:86.16,89.3 2 0
github.com/updu/updu/internal/api/handlers_admin.go:90.2,90.14 1 1
github.com/updu/updu/internal/api/handlers_admin.go:90.14,93.3 2 1
github.com/updu/updu/internal/api/handlers_admin.go:94.2,94.14 1 1
github.com/updu/updu/internal/api/handlers_admin.go:97.79,99.35 2 1
github.com/updu/updu/internal/api/handlers_admin.go:99.35,102.3 2 0
github.com/updu/updu/internal/api/handlers_admin.go:104.2,106.35 3 1
github.com/updu/updu/internal/api/handlers_admin.go:106.35,109.3 2 1
github.com/updu/updu/internal/api/handlers_admin.go:111.2,112.64 2 1
github.com/updu/updu/internal/api/handlers_admin.go:112.64,115.3 2 0
github.com/updu/updu/internal/api/handlers_admin.go:117.2,124.67 7 1
github.com/updu/updu/internal/api/handlers_admin.go:124.67,127.3 2 0
github.com/updu/updu/internal/api/handlers_admin.go:128.2,128.21 1 1
github.com/updu/updu/internal/api/handlers_admin.go:131.79,133.35 2 1
github.com/updu/updu/internal/api/handlers_admin.go:133.35,136.3 2 0
github.com/updu/updu/internal/api/handlers_admin.go:138.2,139.61 2 1
github.com/updu/updu/internal/api/handlers_admin.go:139.61,142.3 2 0
github.com/updu/updu/internal/api/handlers_admin.go:143.2,143.49 1 1
github.com/updu/updu/internal/api/handlers_admin.go:146.85,149.16 3 1
github.com/updu/updu/internal/api/handlers_admin.go:149.16,152.3 2 0
github.com/updu/updu/internal/api/handlers_admin.go:153.2,153.15 1 1
github.com/updu/updu/internal/api/handlers_admin.go:153.15,156.3 2 1
github.com/updu/updu/internal/api/handlers_admin.go:157.2,157.15 1 1
github.com/updu/updu/internal/api/handlers_admin.go:160.88,162.35 2 1
github.com/updu/updu/internal/api/handlers_admin.go:162.35,165.3 2 0
github.com/updu/updu/internal/api/handlers_admin.go:167.2,169.35 3 1
github.com/updu/updu/internal/api/handlers_admin.go:169.35,172.3 2 1
github.com/updu/updu/internal/api/handlers_admin.go:174.2,175.64 2 1
github.com/updu/updu/internal/api/handlers_admin.go:175.64,178.3 2 0
github.com/updu/updu/internal/api/handlers_admin.go:180.2,186.76 6 1
github.com/updu/updu/internal/api/handlers_admin.go:186.76,189.3 2 0
github.com/updu/updu/internal/api/handlers_admin.go:190.2,190.21 1 1
github.com/updu/updu/internal/api/handlers_admin.go:193.88,195.35 2 1
github.com/updu/updu/internal/api/handlers_admin.go:195.35,198.3 2 0
github.com/updu/updu/internal/api/handlers_admin.go:200.2,201.70 2 1
github.com/updu/updu/internal/api/handlers_admin.go:201.70,204.3 2 0
github.com/updu/updu/internal/api/handlers_admin.go:205.2,205.49 1 1
github.com/updu/updu/internal/api/handlers_admin.go:210.75,212.16 2 1
github.com/updu/updu/internal/api/handlers_admin.go:212.16,215.3 2 0
github.com/updu/updu/internal/api/handlers_admin.go:216.2,216.19 1 1
github.com/updu/updu/internal/api/handlers_admin.go:219.76,221.35 2 1
github.com/updu/updu/internal/api/handlers_admin.go:221.35,224.3 2 0
github.com/updu/updu/internal/api/handlers_admin.go:226.2,230.79 3 1
github.com/updu/updu/internal/api/handlers_admin.go:230.79,233.3 2 0
github.com/updu/updu/internal/api/handlers_admin.go:235.2,235.73 1 1
github.com/updu/updu/internal/api/handlers_admin.go:235.73,238.3 2 0
github.com/updu/updu/internal/api/handlers_admin.go:240.2,240.49 1 1
github.com/updu/updu/internal/api/handlers_admin.go:243.76,245.35 2 1
github.com/updu/updu/internal/api/handlers_admin.go:245.35,248.3 2 0
github.com/updu/updu/internal/api/handlers_admin.go:250.2,251.60 2 1
github.com/updu/updu/internal/api/handlers_admin.go:251.60,254.3 2 0
github.com/updu/updu/internal/api/handlers_admin.go:256.2,256.71 1 1
github.com/updu/updu/internal/api/handlers_admin.go:261.74,263.35 2 1
github.com/updu/updu/internal/api/handlers_admin.go:263.35,266.3 2 0
github.com/updu/updu/internal/api/handlers_admin.go:268.2,269.16 2 1
github.com/updu/updu/internal/api/handlers_admin.go:269.16,272.3 2 0
github.com/updu/updu/internal/api/handlers_admin.go:273.2,273.18 1 1
github.com/updu/updu/internal/api/handlers_admin.go:276.79,278.35 2 1
github.com/updu/updu/internal/api/handlers_admin.go:278.35,281.3 2 0
github.com/updu/updu/internal/api/handlers_admin.go:283.2,287.128 3 1
github.com/updu/updu/internal/api/handlers_admin.go:287.128,290.3 2 0
github.com/updu/updu/internal/api/handlers_admin.go:292.2,292.71 1 1
github.com/updu/updu/internal/api/handlers_admin.go:292.71,295.3 2 0
github.com/updu/updu/internal/api/handlers_admin.go:297.2,297.54 1 1
github.com/updu/updu/internal/api/handlers_admin.go:300.75,302.35 2 1
github.com/updu/updu/internal/api/handlers_admin.go:302.35,305.3 2 0
github.com/updu/updu/internal/api/handlers_admin.go:307.2,308.19 2 1
github.com/updu/updu/internal/api/handlers_admin.go:308.19,311.3 2 0
github.com/updu/updu/internal/api/handlers_admin.go:313.2,313.57 1 1
github.com/updu/updu/internal/api/handlers_admin.go:313.57,316.3 2 0
github.com/updu/updu/internal/api/handlers_admin.go:318.2,318.54 1 1
github.com/updu/updu/internal/api/handlers_admin.go:323.76,325.35 2 1
github.com/updu/updu/internal/api/handlers_admin.go:325.35,328.3 2 0
github.com/updu/updu/internal/api/handlers_admin.go:330.2,331.16 2 1
github.com/updu/updu/internal/api/handlers_admin.go:331.16,334.3 2 0
github.com/updu/updu/internal/api/handlers_admin.go:335.2,335.21 1 1
github.com/updu/updu/internal/api/handlers_admin.go:338.79,340.35 2 1
github.com/updu/updu/internal/api/handlers_admin.go:340.35,343.3 2 0
github.com/updu/updu/internal/api/handlers_admin.go:345.2,346.61 2 1
github.com/updu/updu/internal/api/handlers_admin.go:346.61,349.3 2 0
github.com/updu/updu/internal/api/handlers_admin.go:351.2,351.24 1 1
github.com/updu/updu/internal/api/handlers_admin.go:351.24,352.60 1 1
github.com/updu/updu/internal/api/handlers_admin.go:352.60,355.4 2 0
github.com/updu/updu/internal/api/handlers_admin.go:358.2,358.58 1 1
github.com/updu/updu/internal/api/handlers_backup.go:18.77,22.16 3 1
github.com/updu/updu/internal/api/handlers_backup.go:22.16,25.3 2 0
github.com/updu/updu/internal/api/handlers_backup.go:27.2,28.16 2 1
github.com/updu/updu/internal/api/handlers_backup.go:28.16,31.3 2 0
github.com/updu/updu/internal/api/handlers_backup.go:33.2,34.16 2 1
github.com/updu/updu/internal/api/handlers_backup.go:34.16,37.3 2 0
github.com/updu/updu/internal/api/handlers_backup.go:39.2,40.16 2 1
github.com/updu/updu/internal/api/handlers_backup.go:40.16,43.3 2 0
github.com/updu/updu/internal/api/handlers_backup.go:45.2,46.16 2 1
github.com/updu/updu/internal/api/handlers_backup.go:46.16,49.3 2 0
github.com/updu/updu/internal/api/handlers_backup.go:51.2,61.35 4 1
github.com/updu/updu/internal/api/handlers_backup.go:64.77,66.64 2 1
github.com/updu/updu/internal/api/handlers_backup.go:66.64,69.3 2 0
github.com/updu/updu/internal/api/handlers_backup.go:71.2,76.36 2 1
github.com/updu/updu/internal/api/handlers_backup.go:76.36,78.3 1 1
github.com/updu/updu/internal/api/handlers_backup.go:79.2,79.37 1 1
github.com/updu/updu/internal/api/handlers_backup.go:79.37,81.3 1 0
github.com/updu/updu/internal/api/handlers_backup.go:82.2,82.47 1 1
github.com/updu/updu/internal/api/handlers_backup.go:82.47,84.3 1 0
github.com/updu/updu/internal/api/handlers_backup.go:85.2,85.49 1 1
github.com/updu/updu/internal/api/handlers_backup.go:85.49,87.3 1 0
github.com/updu/updu/internal/api/handlers_backup.go:88.2,88.36 1 1
github.com/updu/updu/internal/api/handlers_backup.go:88.36,90.3 1 1
github.com/updu/updu/internal/api/handlers_backup.go:92.2,92.80 1 1
github.com/updu/updu/internal/api/handlers_heartbeat.go:10.78,12.16 2 1
github.com/updu/updu/internal/api/handlers_heartbeat.go:12.16,15.3 2 0
github.com/updu/updu/internal/api/handlers_heartbeat.go:17.2,18.16 2 1
github.com/updu/updu/internal/api/handlers_heartbeat.go:18.16,21.3 2 0
github.com/updu/updu/internal/api/handlers_heartbeat.go:22.2,22.14 1 1
github.com/updu/updu/internal/api/handlers_heartbeat.go:22.14,25.3 2 1
github.com/updu/updu/internal/api/handlers_heartbeat.go:28.2,30.61 3 1
github.com/updu/updu/internal/api/handlers_heartbeat.go:30.61,33.3 2 0
github.com/updu/updu/internal/api/handlers_heartbeat.go:36.2,36.23 1 1
github.com/updu/updu/internal/api/handlers_heartbeat.go:36.23,38.29 2 1
github.com/updu/updu/internal/api/handlers_heartbeat.go:38.29,46.4 2 1
github.com/updu/updu/internal/api/handlers_heartbeat.go:49.2,49.64 1 1
github.com/updu/updu/internal/api/handlers_notifications.go:12.89,14.16 2 1
github.com/updu/updu/internal/api/handlers_notifications.go:14.16,17.3 2 0
github.com/updu/updu/internal/api/handlers_notifications.go:18.2,18.21 1 1
github.com/updu/updu/internal/api/handlers_notifications.go:21.90,23.35 2 1
github.com/updu/updu/internal/api/handlers_notifications.go:23.35,26.3 2 0
github.com/updu/updu/internal/api/handlers_notifications.go:28.2,29.60 2 1
github.com/updu/updu/internal/api/handlers_notifications.go:29.60,32.3 2 1
github.com/updu/updu/internal/api/handlers_notifications.go:34.2,37.73 3 1
github.com/updu/updu/internal/api/handlers_notifications.go:37.73,40.3 2 0
github.com/updu/updu/internal/api/handlers_notifications.go:42.2,43.15 2 1
github.com/updu/updu/internal/api/handlers_notifications.go:46.87,49.16 3 1
github.com/updu/updu/internal/api/handlers_notifications.go:49.16,52.3 2 0
github.com/updu/updu/internal/api/handlers_notifications.go:53.2,53.15 1 1
github.com/updu/updu/internal/api/handlers_notifications.go:53.15,56.3 2 1
github.com/updu/updu/internal/api/handlers_notifications.go:57.2,57.15 1 1
github.com/updu/updu/internal/api/handlers_notifications.go:60.90,62.35 2 1
github.com/updu/updu/internal/api/handlers_notifications.go:62.35,65.3 2 0
github.com/updu/updu/internal/api/handlers_notifications.go:67.2,69.35 3 1
github.com/updu/updu/internal/api/handlers_notifications.go:69.35,72.3 2 1
github.com/updu/updu/internal/api/handlers_notifications.go:74.2,75.64 2 1
github.com/updu/updu/internal/api/handlers_notifications.go:75.64,78.3 2 0
github.com/updu/updu/internal/api/handlers_notifications.go:80.2,85.78 5 1
github.com/updu/updu/internal/api/handlers_notifications.go:85.78,88.3 2 0
github.com/updu/updu/internal/api/handlers_notifications.go:90.2,90.21 1 1
github.com/updu/updu/internal/api/handlers_notifications.go:93.90,95.35 2 1
github.com/updu/updu/internal/api/handlers_notifications.go:95.35,98.3 2 0
github.com/updu/updu/internal/api/handlers_notifications.go:100.2,101.72 2 1
github.com/updu/updu/internal/api/handlers_notifications.go:101.72,104.3 2 0
github.com/updu/updu/internal/api/handlers_notifications.go:105.2,105.49 1 1
github.com/updu/updu/internal/api/handlers_notifications.go:108.88,110.35 2 1
github.com/updu/updu/internal/api/handlers_notifications.go:110.35,113.3 2 0
github.com/updu/updu/internal/api/handlers_notifications.go:115.2,117.29 3 1
github.com/updu/updu/internal/api/handlers_notifications.go:117.29,120.3 2 1
github.com/updu/updu/internal/api/handlers_notifications.go:123.2,135.70 4 1
github.com/updu/updu/internal/api/handlers_system.go:8.75,10.16 2 1
github.com/updu/updu/internal/api/handlers_system.go:10.16,13.3 2 0
github.com/updu/updu/internal/api/handlers_system.go:14.2,14.20 1 1
github.com/updu/updu/internal/api/router.go:29.146,38.2 1 1
github.com/updu/updu/internal/api/router.go:41.40,45.56 2 1
github.com/updu/updu/internal/api/router.go:45.56,47.3 1 1
github.com/updu/updu/internal/api/router.go:50.2,121.28 49 1
github.com/updu/updu/internal/api/router.go:126.70,131.61 2 1
github.com/updu/updu/internal/api/router.go:131.61,134.3 2 1
github.com/updu/updu/internal/api/router.go:136.2,137.16 2 1
github.com/updu/updu/internal/api/router.go:137.16,140.3 2 1
github.com/updu/updu/internal/api/router.go:142.2,143.51 2 1
github.com/updu/updu/internal/api/router.go:146.73,151.61 2 1
github.com/updu/updu/internal/api/router.go:151.61,154.3 2 1
github.com/updu/updu/internal/api/router.go:156.2,156.27 1 1
github.com/updu/updu/internal/api/router.go:156.27,159.3 2 1
github.com/updu/updu/internal/api/router.go:160.2,160.27 1 1
github.com/updu/updu/internal/api/router.go:160.27,163.3 2 1
github.com/updu/updu/internal/api/router.go:167.2,168.16 2 1
github.com/updu/updu/internal/api/router.go:168.16,171.3 2 0
github.com/updu/updu/internal/api/router.go:172.2,172.15 1 1
github.com/updu/updu/internal/api/router.go:172.15,175.17 3 1
github.com/updu/updu/internal/api/router.go:175.17,177.22 2 1
github.com/updu/updu/internal/api/router.go:177.22,179.5 1 1
github.com/updu/updu/internal/api/router.go:182.3,182.51 1 1
github.com/updu/updu/internal/api/router.go:182.51,185.4 2 0
github.com/updu/updu/internal/api/router.go:188.2,189.16 2 1
github.com/updu/updu/internal/api/router.go:189.16,192.3 2 0
github.com/updu/updu/internal/api/router.go:194.2,198.4 1 1
github.com/updu/updu/internal/api/router.go:201.71,203.16 2 1
github.com/updu/updu/internal/api/router.go:203.16,205.3 1 1
github.com/updu/updu/internal/api/router.go:206.2,207.52 2 1
github.com/updu/updu/internal/api/router.go:210.72,212.17 2 1
github.com/updu/updu/internal/api/router.go:212.17,215.3 2 0
github.com/updu/updu/internal/api/router.go:216.2,220.4 1 1
github.com/updu/updu/internal/api/router.go:225.77,227.16 2 1
github.com/updu/updu/internal/api/router.go:227.16,230.3 2 0
github.com/updu/updu/internal/api/router.go:231.2,231.21 1 1
github.com/updu/updu/internal/api/router.go:234.78,236.35 2 1
github.com/updu/updu/internal/api/router.go:236.35,239.3 2 0
github.com/updu/updu/internal/api/router.go:241.2,242.59 2 1
github.com/updu/updu/internal/api/router.go:242.59,245.3 2 1
github.com/updu/updu/internal/api/router.go:248.2,249.14 2 1
github.com/updu/updu/internal/api/router.go:249.14,252.3 2 0
github.com/updu/updu/internal/api/router.go:253.2,253.45 1 1
github.com/updu/updu/internal/api/router.go:253.45,256.3 2 0
github.com/updu/updu/internal/api/router.go:259.2,264.22 6 1
github.com/updu/updu/internal/api/router.go:264.22,266.3 1 1
github.com/updu/updu/internal/api/router.go:267.2,267.21 1 1
github.com/updu/updu/internal/api/router.go:267.21,269.3 1 1
github.com/updu/updu/internal/api/router.go:270.2,270.20 1 1
github.com/updu/updu/internal/api/router.go:270.20,272.3 1 1
github.com/updu/updu/internal/api/router.go:273.2,275.60 2 1
github.com/updu/updu/internal/api/router.go:275.60,278.3 2 0
github.com/updu/updu/internal/api/router.go:281.2,284.14 3 1
github.com/updu/updu/internal/api/router.go:287.75,290.16 3 1
github.com/updu/updu/internal/api/router.go:290.16,293.3 2 0
github.com/updu/updu/internal/api/router.go:294.2,294.14 1 1
github.com/updu/updu/internal/api/router.go:294.14,297.3 2 1
github.com/updu/updu/internal/api/router.go:300.2,301.19 2 1
github.com/updu/updu/internal/api/router.go:301.19,305.3 3 0
github.com/updu/updu/internal/api/router.go:305.8,307.3 1 1
github.com/updu/updu/internal/api/router.go:309.2,309.14 1 1
github.com/updu/updu/internal/api/router.go:312.78,314.35 2 1
github.com/updu/updu/internal/api/router.go:314.35,317.3 2 0
github.com/updu/updu/internal/api/router.go:319.2,321.35 3 1
github.com/updu/updu/internal/api/router.go:321.35,324.3 2 1
github.com/updu/updu/internal/api/router.go:326.2,327.64 2 1
github.com/updu/updu/internal/api/router.go:327.64,330.3 2 0
github.com/updu/updu/internal/api/router.go:333.2,344.66 11 1
github.com/updu/updu/internal/api/router.go:344.66,347.3 2 0
github.com/updu/updu/internal/api/router.go:349.2,350.21 2 1
github.com/updu/updu/internal/api/router.go:353.78,355.35 2 1
github.com/updu/updu/internal/api/router.go:355.35,358.3 2 0
github.com/updu/updu/internal/api/router.go:360.2,362.60 3 1
github.com/updu/updu/internal/api/router.go:362.60,365.3 2 0
github.com/updu/updu/internal/api/router.go:366.2,366.49 1 1
github.com/updu/updu/internal/api/router.go:369.81,372.16 3 1
github.com/updu/updu/internal/api/router.go:372.16,375.3 2 0
github.com/updu/updu/internal/api/router.go:376.2,376.19 1 1
github.com/updu/updu/internal/api/router.go:379.81,390.2 5 1
github.com/updu/updu/internal/api/router.go:394.74,396.16 2 1
github.com/updu/updu/internal/api/router.go:396.16,399.3 2 0
github.com/updu/updu/internal/api/router.go:400.2,403.4 1 1
github.com/updu/updu/internal/api/router.go:408.78,411.29 3 1
github.com/updu/updu/internal/api/router.go:411.29,414.3 2 1
github.com/updu/updu/internal/api/router.go:417.2,421.4 2 1
github.com/updu/updu/internal/api/router.go:424.80,426.16 2 1
github.com/updu/updu/internal/api/router.go:426.16,429.3 2 0
github.com/updu/updu/internal/api/router.go:430.2,430.18 1 1
github.com/updu/updu/internal/api/router.go:433.82,436.29 3 1
github.com/updu/updu/internal/api/router.go:436.29,439.3 2 0
github.com/updu/updu/internal/api/router.go:440.2,440.15 1 1
github.com/updu/updu/internal/api/router.go:443.81,445.35 2 1
github.com/updu/updu/internal/api/router.go:445.35,448.3 2 0
github.com/updu/updu/internal/api/router.go:450.2,451.60 2 1
github.com/updu/updu/internal/api/router.go:451.60,454.3 2 1
github.com/updu/updu/internal/api/router.go:456.2,458.19 3 1
github.com/updu/updu/internal/api/router.go:458.19,461.3 2 1
github.com/updu/updu/internal/api/router.go:463.2,463.64 1 1
github.com/updu/updu/internal/api/router.go:463.64,466.3 2 0
github.com/updu/updu/internal/api/router.go:467.2,468.15 2 1
github.com/updu/updu/internal/api/router.go:471.81,473.35 2 1
github.com/updu/updu/internal/api/router.go:473.35,476.3 2 0
github.com/updu/updu/internal/api/router.go:478.2,480.35 3 1
github.com/updu/updu/internal/api/router.go:480.35,483.3 2 1
github.com/updu/updu/internal/api/router.go:485.2,486.64 2 1
github.com/updu/updu/internal/api/router.go:486.64,489.3 2 0
github.com/updu/updu/internal/api/router.go:491.2,496.27 6 1
github.com/updu/updu/internal/api/router.go:496.27,498.3 1 0
github.com/updu/updu/internal/api/router.go:500.2,500.69 1 1
github.com/updu/updu/internal/api/router.go:500.69,503.3 2 0
github.com/updu/updu/internal/api/router.go:504.2,504.21 1 1
github.com/updu/updu/internal/api/router.go:507.81,509.35 2 1
github.com/updu/updu/internal/api/router.go:509.35,512.3 2 0
github.com/updu/updu/internal/api/router.go:514.2,515.63 2 1
github.com/updu/updu/internal/api/router.go:515.63,518.3 2 0
github.com/updu/updu/internal/api/router.go:519.2,519.49 1 1
github.com/updu/updu/internal/api/router.go:524.71,526.2 1 1
github.com/updu/updu/internal/api/router.go:530.46,533.2 2 1
github.com/updu/updu/internal/api/router.go:535.65,539.2 3 1
github.com/updu/updu/internal/api/router.go:541.53,542.71 1 1
github.com/updu/updu/internal/api/router.go:542.71,551.28 6 1
github.com/updu/updu/internal/api/router.go:551.28,554.4 2 0
github.com/updu/updu/internal/api/router.go:556.3,562.4 2 1
github.com/updu/updu/internal/auth/auth.go:34.52,36.2 1 1
github.com/updu/updu/internal/auth/auth.go:39.52,42.2 2 1
github.com/updu/updu/internal/auth/auth.go:45.48,47.2 1 1
github.com/updu/updu/internal/auth/auth.go:50.110,52.16 2 1
github.com/updu/updu/internal/auth/auth.go:52.16,54.3 1 0
github.com/updu/updu/internal/auth/auth.go:55.2,55.17 1 1
github.com/updu/updu/internal/auth/auth.go:55.17,57.3 1 0
github.com/updu/updu/internal/auth/auth.go:58.2,58.45 1 1
github.com/updu/updu/internal/auth/auth.go:58.45,60.3 1 1
github.com/updu/updu/internal/auth/auth.go:62.2,62.53 1 1
github.com/updu/updu/internal/auth/auth.go:66.68,68.2 1 1
github.com/updu/updu/internal/auth/auth.go:71.59,73.16 2 1
github.com/updu/updu/internal/auth/auth.go:73.16,75.3 1 0
github.com/updu/updu/internal/auth/auth.go:76.2,76.15 1 1
github.com/updu/updu/internal/auth/auth.go:76.15,78.3 1 1
github.com/updu/updu/internal/auth/auth.go:80.2,81.12 2 1
github.com/updu/updu/internal/auth/auth.go:85.95,87.16 2 1
github.com/updu/updu/internal/auth/auth.go:87.16,89.3 1 0
github.com/updu/updu/internal/auth/auth.go:91.2,92.16 2 1
github.com/updu/updu/internal/auth/auth.go:92.16,94.3 1 0
github.com/updu/updu/internal/auth/auth.go:96.2,97.16 2 1
github.com/updu/updu/internal/auth/auth.go:97.16,100.3 2 1
github.com/updu/updu/internal/auth/auth.go:102.2,103.16 2 1
github.com/updu/updu/internal/auth/auth.go:103.16,105.3 1 0
github.com/updu/updu/internal/auth/auth.go:107.2,115.51 2 1
github.com/updu/updu/internal/auth/auth.go:115.51,117.3 1 0
github.com/updu/updu/internal/auth/auth.go:118.2,118.18 1 1
github.com/updu/updu/internal/auth/auth.go:122.59,123.71 1 1
github.com/updu/updu/internal/auth/auth.go:123.71,125.17 2 1
github.com/updu/updu/internal/auth/auth.go:125.17,128.4 2 0
github.com/updu/updu/internal/auth/auth.go:130.3,131.35 2 1
github.com/updu/updu/internal/auth/auth.go:131.35,134.4 2 1
github.com/updu/updu/internal/auth/auth.go:136.3,137.32 2 1
github.com/updu/updu/internal/auth/auth.go:137.32,140.4 2 0
github.com/updu/updu/internal/auth/auth.go:142.3,143.40 2 1
github.com/updu/updu/internal/auth/auth.go:148.54,149.71 1 1
github.com/updu/updu/internal/auth/auth.go:149.71,151.51 2 1
github.com/updu/updu/internal/auth/auth.go:151.51,154.4 2 1
github.com/updu/updu/internal/auth/auth.go:155.3,155.23 1 1
github.com/updu/updu/internal/auth/auth.go:160.56,163.2 2 1
github.com/updu/updu/internal/auth/auth.go:166.93,176.2 1 1
github.com/updu/updu/internal/auth/auth.go:179.48,187.2 1 1
github.com/updu/updu/internal/auth/auth.go:189.106,191.16 2 1
github.com/updu/updu/internal/auth/auth.go:191.16,193.3 1 0
github.com/updu/updu/internal/auth/auth.go:195.2,204.57 2 1
github.com/updu/updu/internal/auth/auth.go:204.57,206.3 1 0
github.com/updu/updu/internal/auth/auth.go:207.2,207.21 1 1
github.com/updu/updu/internal/auth/auth.go:211.35,213.40 2 1
github.com/updu/updu/internal/auth/auth.go:213.40,215.3 1 0
github.com/updu/updu/internal/auth/auth.go:216.2,216.35 1 1
github.com/updu/updu/internal/notifier/notifier.go:26.36,31.2 1 1
github.com/updu/updu/internal/notifier/notifier.go:34.40,38.2 3 1
github.com/updu/updu/internal/notifier/notifier.go:41.101,44.16 2 1
github.com/updu/updu/internal/notifier/notifier.go:44.16,47.3 2 0
github.com/updu/updu/internal/notifier/notifier.go:49.2,49.33 1 1
github.com/updu/updu/internal/notifier/notifier.go:49.33,50.18 1 1
github.com/updu/updu/internal/notifier/notifier.go:50.18,51.12 1 1
github.com/updu/updu/internal/notifier/notifier.go:54.3,58.10 4 1
github.com/updu/updu/internal/notifier/notifier.go:58.10,60.12 2 1
github.com/updu/updu/internal/notifier/notifier.go:64.3,64.57 1 1
github.com/updu/updu/internal/notifier/notifier.go:64.57,66.69 2 1
github.com/updu/updu/internal/notifier/notifier.go:66.69,68.5 1 0
github.com/updu/updu/internal/scheduler/scheduler.go:41.120,42.19 1 1
github.com/updu/updu/internal/scheduler/scheduler.go:42.19,44.19 2 0
github.com/updu/updu/internal/scheduler/scheduler.go:44.19,46.4 1 0
github.com/updu/updu/internal/scheduler/scheduler.go:47.3,47.20 1 0
github.com/updu/updu/internal/scheduler/scheduler.go:47.20,49.4 1 0
github.com/updu/updu/internal/scheduler/scheduler.go:51.2,60.3 2 1
github.com/updu/updu/internal/scheduler/scheduler.go:64.54,68.16 3 1
github.com/updu/updu/internal/scheduler/scheduler.go:68.16,70.3 1 0
github.com/updu/updu/internal/scheduler/scheduler.go:72.2,77.29 3 1
github.com/updu/updu/internal/scheduler/scheduler.go:77.29,78.17 1 1
github.com/updu/updu/internal/scheduler/scheduler.go:78.17,79.12 1 1
github.com/updu/updu/internal/scheduler/scheduler.go:81.3,81.33 1 1
github.com/updu/updu/internal/scheduler/scheduler.go:84.2,84.12 1 1
github.com/updu/updu/internal/scheduler/scheduler.go:88.28,90.21 2 1
github.com/updu/updu/internal/scheduler/scheduler.go:90.21,92.3 1 1
github.com/updu/updu/internal/scheduler/scheduler.go:94.2,95.32 2 1
github.com/updu/updu/internal/scheduler/scheduler.go:95.32,96.22 1 1
github.com/updu/updu/internal/scheduler/scheduler.go:96.22,98.4 1 0
github.com/updu/updu/internal/scheduler/scheduler.go:100.2,103.32 3 1
github.com/updu/updu/internal/scheduler/scheduler.go:107.72,110.2 2 1
github.com/updu/updu/internal/scheduler/scheduler.go:113.46,116.34 3 1
github.com/updu/updu/internal/scheduler/scheduler.go:116.34,117.22 1 1
github.com/updu/updu/internal/scheduler/scheduler.go:117.22,119.4 1 0
github.com/updu/updu/internal/scheduler/scheduler.go:120.3,120.25 1 1
github.com/updu/updu/internal/scheduler/scheduler.go:125.75,127.15 2 1
github.com/updu/updu/internal/scheduler/scheduler.go:127.15,130.3 2 1
github.com/updu/updu/internal/scheduler/scheduler.go:134.74,138.2 3 1
github.com/updu/updu/internal/scheduler/scheduler.go:140.96,155.22 8 1
github.com/updu/updu/internal/scheduler/scheduler.go:155.22,158.3 2 1
github.com/updu/updu/internal/scheduler/scheduler.go:160.2,160.12 1 1
github.com/updu/updu/internal/scheduler/scheduler.go:160.12,161.10 1 1
github.com/updu/updu/internal/scheduler/scheduler.go:162.21,163.10 1 1
github.com/updu/updu/internal/scheduler/scheduler.go:164.31,164.31 0 1
github.com/updu/updu/internal/scheduler/scheduler.go:167.3,170.24 3 1
github.com/updu/updu/internal/scheduler/scheduler.go:170.24,172.4 1 0
github.com/updu/updu/internal/scheduler/scheduler.go:174.3,177.7 3 1
github.com/updu/updu/internal/scheduler/scheduler.go:177.7,178.11 1 1
github.com/updu/updu/internal/scheduler/scheduler.go:179.22,180.11 1 1
github.com/updu/updu/internal/scheduler/scheduler.go:181.20,182.31 1 0
github.com/updu/updu/internal/scheduler/scheduler.go:188.89,191.14 3 1
github.com/updu/updu/internal/scheduler/scheduler.go:191.14,194.3 2 0
github.com/updu/updu/internal/scheduler/scheduler.go:197.2,197.9 1 1
github.com/updu/updu/internal/scheduler/scheduler.go:198.25,198.25 0 1
github.com/updu/updu/internal/scheduler/scheduler.go:199.20,200.9 1 0
github.com/updu/updu/internal/scheduler/scheduler.go:203.2,203.15 1 1
github.com/updu/updu/internal/scheduler/scheduler.go:203.15,203.24 1 1
github.com/updu/updu/internal/scheduler/scheduler.go:204.2,211.16 6 1
github.com/updu/updu/internal/scheduler/scheduler.go:211.16,219.3 2 0
github.com/updu/updu/internal/scheduler/scheduler.go:222.2,222.60 1 1
github.com/updu/updu/internal/scheduler/scheduler.go:222.60,224.3 1 1
github.com/updu/updu/internal/scheduler/scheduler.go:227.2,243.8 5 1
github.com/updu/updu/internal/scheduler/scheduler.go:243.8,246.3 2 1
github.com/updu/updu/internal/scheduler/scheduler.go:247.2,249.75 2 1
github.com/updu/updu/internal/scheduler/scheduler.go:249.75,252.17 2 0
github.com/updu/updu/internal/scheduler/scheduler.go:252.17,254.4 1 0
github.com/updu/updu/internal/scheduler/scheduler.go:255.3,255.24 1 0
github.com/updu/updu/internal/scheduler/scheduler.go:255.24,257.4 1 0
github.com/updu/updu/internal/scheduler/scheduler.go:257.9,259.4 1 0
github.com/updu/updu/internal/scheduler/scheduler.go:262.2,263.38 2 1
github.com/updu/updu/internal/scheduler/scheduler.go:263.38,265.3 1 1
github.com/updu/updu/internal/scheduler/scheduler.go:266.2,270.3 1 1
github.com/updu/updu/internal/storage/aggregator.go:17.64,23.2 1 1
github.com/updu/updu/internal/storage/aggregator.go:26.49,30.12 3 1
github.com/updu/updu/internal/storage/aggregator.go:30.12,31.7 1 1
github.com/updu/updu/internal/storage/aggregator.go:31.7,32.11 1 1
github.com/updu/updu/internal/storage/aggregator.go:33.20,34.47 1 1
github.com/updu/updu/internal/storage/aggregator.go:34.47,36.6 1 0
github.com/updu/updu/internal/storage/aggregator.go:37.18,39.11 2 1
github.com/updu/updu/internal/storage/aggregator.go:46.29,47.9 1 1
github.com/updu/updu/internal/storage/aggregator.go:48.16,48.16 0 1
github.com/updu/updu/internal/storage/aggregator.go:50.10,51.16 1 1
github.com/updu/updu/internal/storage/aggregator.go:56.62,58.16 2 1
github.com/updu/updu/internal/storage/aggregator.go:58.16,60.3 1 0
github.com/updu/updu/internal/storage/aggregator.go:63.2,64.29 2 1
github.com/updu/updu/internal/storage/aggregator.go:64.29,65.60 1 1
github.com/updu/updu/internal/storage/aggregator.go:65.60,67.4 1 0
github.com/updu/updu/internal/storage/aggregator.go:69.2,69.12 1 1
github.com/updu/updu/internal/storage/aggregator.go:73.107,77.16 3 1
github.com/updu/updu/internal/storage/aggregator.go:77.16,79.3 1 0
github.com/updu/updu/internal/storage/aggregator.go:81.2,83.44 2 1
github.com/updu/updu/internal/storage/queries.go:15.69,22.2 2 1
github.com/updu/updu/internal/storage/queries.go:24.93,30.26 3 1
github.com/updu/updu/internal/storage/queries.go:30.26,32.3 1 0
github.com/updu/updu/internal/storage/queries.go:33.2,33.15 1 1
github.com/updu/updu/internal/storage/queries.go:36.81,42.26 3 1
github.com/updu/updu/internal/storage/queries.go:42.26,44.3 1 1
github.com/updu/updu/internal/storage/queries.go:45.2,45.15 1 1
github.com/updu/updu/internal/storage/queries.go:48.60,52.2 3 1
github.com/updu/updu/internal/storage/queries.go:54.70,56.16 2 1
github.com/updu/updu/internal/storage/queries.go:56.16,58.3 1 1
github.com/updu/updu/internal/storage/queries.go:59.2,62.18 3 1
github.com/updu/updu/internal/storage/queries.go:62.18,64.105 2 1
github.com/updu/updu/internal/storage/queries.go:64.105,66.4 1 0
github.com/updu/updu/internal/storage/queries.go:67.3,67.27 1 1
github.com/updu/updu/internal/storage/queries.go:69.2,69.19 1 1
github.com/updu/updu/internal/storage/queries.go:72.90,75.2 2 1
github.com/updu/updu/internal/storage/queries.go:77.64,80.2 2 1
github.com/updu/updu/internal/storage/queries.go:84.75,91.2 2 1
github.com/updu/updu/internal/storage/queries.go:93.83,99.26 3 1
github.com/updu/updu/internal/storage/queries.go:99.26,101.3 1 1
github.com/updu/updu/internal/storage/queries.go:102.2,102.15 1 1
github.com/updu/updu/internal/storage/queries.go:105.67,108.2 2 1
github.com/updu/updu/internal/storage/queries.go:110.63,113.2 2 1
github.com/updu/updu/internal/storage/queries.go:117.75,127.2 3 1
github.com/updu/updu/internal/storage/queries.go:129.83,138.26 4 1
github.com/updu/updu/internal/storage/queries.go:138.26,140.3 1 0
github.com/updu/updu/internal/storage/queries.go:141.2,141.16 1 1
github.com/updu/updu/internal/storage/queries.go:141.16,143.3 1 1
github.com/updu/updu/internal/storage/queries.go:144.2,144.20 1 1
github.com/updu/updu/internal/storage/queries.go:144.20,146.3 1 1
github.com/updu/updu/internal/storage/queries.go:147.2,147.15 1 1
github.com/updu/updu/internal/storage/queries.go:150.76,154.16 2 1
github.com/updu/updu/internal/storage/queries.go:154.16,156.3 1 1
github.com/updu/updu/internal/storage/queries.go:157.2,160.18 3 1
github.com/updu/updu/internal/storage/queries.go:160.18,165.58 3 1
github.com/updu/updu/internal/storage/queries.go:165.58,167.4 1 0
github.com/updu/updu/internal/storage/queries.go:168.3,168.21 1 1
github.com/updu/updu/internal/storage/queries.go:168.21,170.4 1 1
github.com/updu/updu/internal/storage/queries.go:171.3,171.33 1 1
github.com/updu/updu/internal/storage/queries.go:173.2,173.29 1 1
github.com/updu/updu/internal/storage/queries.go:176.75,186.2 3 1
github.com/updu/updu/internal/storage/queries.go:188.67,191.2 2 1
github.com/updu/updu/internal/storage/queries.go:193.80,195.28 2 1
github.com/updu/updu/internal/storage/queries.go:195.28,197.3 1 0
github.com/updu/updu/internal/storage/queries.go:198.2,198.20 1 1
github.com/updu/updu/internal/storage/queries.go:201.65,203.16 2 1
github.com/updu/updu/internal/storage/queries.go:203.16,205.3 1 1
github.com/updu/updu/internal/storage/queries.go:206.2,209.18 3 1
github.com/updu/updu/internal/storage/queries.go:209.18,211.39 2 1
github.com/updu/updu/internal/storage/queries.go:211.39,213.4 1 0
github.com/updu/updu/internal/storage/queries.go:214.3,214.29 1 1
github.com/updu/updu/internal/storage/queries.go:216.2,216.20 1 1
github.com/updu/updu/internal/storage/queries.go:219.79,222.2 2 1
github.com/updu/updu/internal/storage/queries.go:224.67,227.2 2 1
github.com/updu/updu/internal/storage/queries.go:231.83,238.2 2 1
github.com/updu/updu/internal/storage/queries.go:240.112,246.16 2 1
github.com/updu/updu/internal/storage/queries.go:246.16,248.3 1 1
github.com/updu/updu/internal/storage/queries.go:249.2,252.18 3 1
github.com/updu/updu/internal/storage/queries.go:252.18,255.133 3 1
github.com/updu/updu/internal/storage/queries.go:255.133,257.4 1 0
github.com/updu/updu/internal/storage/queries.go:258.3,259.31 2 1
github.com/updu/updu/internal/storage/queries.go:261.2,261.28 1 1
github.com/updu/updu/internal/storage/queries.go:264.98,270.26 3 1
github.com/updu/updu/internal/storage/queries.go:270.26,272.3 1 0
github.com/updu/updu/internal/storage/queries.go:273.2,273.15 1 1
github.com/updu/updu/internal/storage/queries.go:277.105,284.30 3 1
github.com/updu/updu/internal/storage/queries.go:284.30,286.3 1 1
github.com/updu/updu/internal/storage/queries.go:287.2,287.50 1 1
github.com/updu/updu/internal/storage/queries.go:291.131,315.16 6 1
github.com/updu/updu/internal/storage/queries.go:315.16,317.3 1 1
github.com/updu/updu/internal/storage/queries.go:319.2,319.15 1 1
github.com/updu/updu/internal/storage/queries.go:319.15,322.3 2 1
github.com/updu/updu/internal/storage/queries.go:323.2,323.15 1 1
github.com/updu/updu/internal/storage/queries.go:323.15,326.3 2 1
github.com/updu/updu/internal/storage/queries.go:327.2,327.15 1 1
github.com/updu/updu/internal/storage/queries.go:327.15,330.3 2 1
github.com/updu/updu/internal/storage/queries.go:331.2,331.18 1 1
github.com/updu/updu/internal/storage/queries.go:331.18,334.3 2 1
github.com/updu/updu/internal/storage/queries.go:334.8,337.3 2 0
github.com/updu/updu/internal/storage/queries.go:339.2,339.17 1 1
github.com/updu/updu/internal/storage/queries.go:343.87,347.16 2 1
github.com/updu/updu/internal/storage/queries.go:347.16,349.3 1 1
github.com/updu/updu/internal/storage/queries.go:350.2,350.30 1 1
github.com/updu/updu/internal/storage/queries.go:355.82,363.2 3 1
github.com/updu/updu/internal/storage/queries.go:365.82,369.16 2 1
github.com/updu/updu/internal/storage/queries.go:369.16,371.3 1 1
github.com/updu/updu/internal/storage/queries.go:372.2,375.18 3 1
github.com/updu/updu/internal/storage/queries.go:375.18,378.107 3 1
github.com/updu/updu/internal/storage/queries.go:378.107,380.4 1 0
github.com/updu/updu/internal/storage/queries.go:381.3,381.23 1 1
github.com/updu/updu/internal/storage/queries.go:381.23,383.4 1 1
github.com/updu/updu/internal/storage/queries.go:384.3,384.28 1 1
github.com/updu/updu/internal/storage/queries.go:386.2,386.26 1 1
github.com/updu/updu/internal/storage/queries.go:389.97,396.26 4 1
github.com/updu/updu/internal/storage/queries.go:396.26,398.3 1 0
github.com/updu/updu/internal/storage/queries.go:399.2,399.16 1 1
github.com/updu/updu/internal/storage/queries.go:399.16,401.3 1 1
github.com/updu/updu/internal/storage/queries.go:402.2,402.22 1 1
github.com/updu/updu/internal/storage/queries.go:402.22,404.3 1 1
github.com/updu/updu/internal/storage/queries.go:405.2,405.16 1 1
github.com/updu/updu/internal/storage/queries.go:408.93,415.26 4 1
github.com/updu/updu/internal/storage/queries.go:415.26,417.3 1 0
github.com/updu/updu/internal/storage/queries.go:418.2,418.16 1 1
github.com/updu/updu/internal/storage/queries.go:418.16,420.3 1 1
github.com/updu/updu/internal/storage/queries.go:421.2,421.22 1 1
github.com/updu/updu/internal/storage/queries.go:421.22,423.3 1 1
github.com/updu/updu/internal/storage/queries.go:424.2,424.16 1 1
github.com/updu/updu/internal/storage/queries.go:427.82,435.2 3 1
github.com/updu/updu/internal/storage/queries.go:437.70,440.2 2 1
github.com/updu/updu/internal/storage/queries.go:443.81,455.16 2 1
github.com/updu/updu/internal/storage/queries.go:455.16,457.3 1 1
github.com/updu/updu/internal/storage/queries.go:458.2,461.18 3 1
github.com/updu/updu/internal/storage/queries.go:461.18,470.108 2 1
github.com/updu/updu/internal/storage/queries.go:470.108,472.4 1 0
github.com/updu/updu/internal/storage/queries.go:473.3,481.22 2 1
github.com/updu/updu/internal/storage/queries.go:481.22,483.4 1 0
github.com/updu/updu/internal/storage/queries.go:484.3,484.22 1 1
github.com/updu/updu/internal/storage/queries.go:484.22,486.4 1 1
github.com/updu/updu/internal/storage/queries.go:487.3,487.15 1 1
github.com/updu/updu/internal/storage/queries.go:487.15,489.4 1 1
github.com/updu/updu/internal/storage/queries.go:489.9,489.27 1 0
github.com/updu/updu/internal/storage/queries.go:489.27,491.4 1 0
github.com/updu/updu/internal/storage/queries.go:492.3,492.35 1 1
github.com/updu/updu/internal/storage/queries.go:494.2,494.30 1 1
github.com/updu/updu/internal/storage/queries.go:499.100,507.2 3 1
github.com/updu/updu/internal/storage/queries.go:509.100,513.16 2 1
github.com/updu/updu/internal/storage/queries.go:513.16,515.3 1 1
github.com/updu/updu/internal/storage/queries.go:516.2,519.18 3 1
github.com/updu/updu/internal/storage/queries.go:519.18,522.89 3 1
github.com/updu/updu/internal/storage/queries.go:522.89,524.4 1 0
github.com/updu/updu/internal/storage/queries.go:525.3,525.23 1 1
github.com/updu/updu/internal/storage/queries.go:525.23,527.4 1 1
github.com/updu/updu/internal/storage/queries.go:528.3,528.34 1 1
github.com/updu/updu/internal/storage/queries.go:530.2,530.29 1 1
github.com/updu/updu/internal/storage/queries.go:533.107,540.26 4 1
github.com/updu/updu/internal/storage/queries.go:540.26,542.3 1 0
github.com/updu/updu/internal/storage/queries.go:543.2,543.16 1 1
github.com/updu/updu/internal/storage/queries.go:543.16,545.3 1 1
github.com/updu/updu/internal/storage/queries.go:546.2,546.22 1 1
github.com/updu/updu/internal/storage/queries.go:546.22,548.3 1 1
github.com/updu/updu/internal/storage/queries.go:549.2,549.16 1 1
github.com/updu/updu/internal/storage/queries.go:552.100,560.2 3 1
github.com/updu/updu/internal/storage/queries.go:562.79,565.2 2 1
github.com/updu/updu/internal/storage/queries.go:569.77,577.2 3 1
github.com/updu/updu/internal/storage/queries.go:579.78,581.16 2 1
github.com/updu/updu/internal/storage/queries.go:581.16,583.3 1 1
github.com/updu/updu/internal/storage/queries.go:584.2,587.18 3 1
github.com/updu/updu/internal/storage/queries.go:587.18,590.150 3 1
github.com/updu/updu/internal/storage/queries.go:590.150,592.4 1 0
github.com/updu/updu/internal/storage/queries.go:593.3,593.25 1 1
github.com/updu/updu/internal/storage/queries.go:593.25,595.4 1 1
github.com/updu/updu/internal/storage/queries.go:596.3,596.35 1 1
github.com/updu/updu/internal/storage/queries.go:598.2,598.30 1 1
github.com/updu/updu/internal/storage/queries.go:601.85,606.26 4 1
github.com/updu/updu/internal/storage/queries.go:606.26,608.3 1 0
github.com/updu/updu/internal/storage/queries.go:609.2,609.16 1 1
github.com/updu/updu/internal/storage/queries.go:609.16,611.3 1 1
github.com/updu/updu/internal/storage/queries.go:612.2,612.24 1 1
github.com/updu/updu/internal/storage/queries.go:612.24,614.3 1 1
github.com/updu/updu/internal/storage/queries.go:615.2,615.15 1 1
github.com/updu/updu/internal/storage/queries.go:618.77,626.2 3 1
github.com/updu/updu/internal/storage/queries.go:628.68,631.2 2 1
github.com/updu/updu/internal/storage/queries.go:635.96,643.2 3 1
github.com/updu/updu/internal/storage/queries.go:645.96,647.16 2 1
github.com/updu/updu/internal/storage/queries.go:647.16,649.3 1 1
github.com/updu/updu/internal/storage/queries.go:650.2,653.18 3 1
github.com/updu/updu/internal/storage/queries.go:653.18,656.125 3 1
github.com/updu/updu/internal/storage/queries.go:656.125,658.4 1 0
github.com/updu/updu/internal/storage/queries.go:659.3,659.25 1 1
github.com/updu/updu/internal/storage/queries.go:659.25,661.4 1 1
github.com/updu/updu/internal/storage/queries.go:662.3,662.32 1 1
github.com/updu/updu/internal/storage/queries.go:664.2,664.28 1 1
github.com/updu/updu/internal/storage/queries.go:667.96,675.2 3 1
github.com/updu/updu/internal/storage/queries.go:677.77,680.2 2 1
github.com/updu/updu/internal/storage/queries.go:682.103,687.26 4 1
github.com/updu/updu/internal/storage/queries.go:687.26,689.3 1 0
github.com/updu/updu/internal/storage/queries.go:690.2,690.16 1 1
github.com/updu/updu/internal/storage/queries.go:690.16,692.3 1 1
github.com/updu/updu/internal/storage/queries.go:693.2,693.24 1 1
github.com/updu/updu/internal/storage/queries.go:693.24,695.3 1 1
github.com/updu/updu/internal/storage/queries.go:696.2,696.16 1 1
github.com/updu/updu/internal/storage/queries.go:700.94,711.16 4 1
github.com/updu/updu/internal/storage/queries.go:711.16,713.3 1 1
github.com/updu/updu/internal/storage/queries.go:714.2,714.23 1 1
github.com/updu/updu/internal/storage/queries.go:719.79,731.2 2 1
github.com/updu/updu/internal/storage/queries.go:733.89,737.26 3 1
github.com/updu/updu/internal/storage/queries.go:737.26,739.3 1 0
github.com/updu/updu/internal/storage/queries.go:740.2,740.15 1 1
github.com/updu/updu/internal/storage/queries.go:745.89,760.2 2 1
github.com/updu/updu/internal/storage/queries.go:764.84,792.40 9 1
github.com/updu/updu/internal/storage/queries.go:792.40,794.3 1 1
github.com/updu/updu/internal/storage/queries.go:796.2,804.40 7 1
github.com/updu/updu/internal/storage/queries.go:804.40,806.3 1 0
github.com/updu/updu/internal/storage/queries.go:808.2,808.21 1 1
github.com/updu/updu/internal/storage/queries.go:813.75,816.26 3 1
github.com/updu/updu/internal/storage/queries.go:816.26,818.3 1 0
github.com/updu/updu/internal/storage/queries.go:819.2,819.19 1 1
github.com/updu/updu/internal/storage/queries.go:822.72,828.2 2 1
github.com/updu/updu/internal/storage/queries.go:830.76,832.16 2 1
github.com/updu/updu/internal/storage/queries.go:832.16,834.3 1 1
github.com/updu/updu/internal/storage/queries.go:835.2,838.18 3 1
github.com/updu/updu/internal/storage/queries.go:838.18,840.43 2 1
github.com/updu/updu/internal/storage/queries.go:840.43,842.4 1 0
github.com/updu/updu/internal/storage/queries.go:843.3,843.18 1 1
github.com/updu/updu/internal/storage/queries.go:845.2,845.22 1 1
github.com/updu/updu/internal/storage/sqlite.go:27.39,30.47 2 1
github.com/updu/updu/internal/storage/sqlite.go:30.47,32.3 1 0
github.com/updu/updu/internal/storage/sqlite.go:34.2,36.16 3 1
github.com/updu/updu/internal/storage/sqlite.go:36.16,38.3 1 0
github.com/updu/updu/internal/storage/sqlite.go:41.2,43.34 2 1
github.com/updu/updu/internal/storage/sqlite.go:43.34,45.3 1 0
github.com/updu/updu/internal/storage/sqlite.go:47.2,48.21 2 1
github.com/updu/updu/internal/storage/sqlite.go:52.50,60.16 2 1
github.com/updu/updu/internal/storage/sqlite.go:60.16,62.3 1 0
github.com/updu/updu/internal/storage/sqlite.go:63.2,71.31 2 1
github.com/updu/updu/internal/storage/sqlite.go:71.31,74.17 3 1
github.com/updu/updu/internal/storage/sqlite.go:74.17,76.4 1 0
github.com/updu/updu/internal/storage/sqlite.go:77.3,77.16 1 1
github.com/updu/updu/internal/storage/sqlite.go:77.16,78.12 1 1
github.com/updu/updu/internal/storage/sqlite.go:81.3,82.55 2 1
github.com/updu/updu/internal/storage/sqlite.go:82.55,84.4 1 0
github.com/updu/updu/internal/storage/sqlite.go:85.3,85.113 1 1
github.com/updu/updu/internal/storage/sqlite.go:85.113,87.4 1 0
github.com/updu/updu/internal/storage/sqlite.go:90.2,91.12 2 1
