mode: set
github.com/updu/updu/internal/checker/checker.go:29.108,31.2 1 0
github.com/updu/updu/internal/checker/checker.go:51.30,76.2 17 1
github.com/updu/updu/internal/checker/checker.go:79.40,81.2 1 1
github.com/updu/updu/internal/checker/checker.go:84.44,86.2 1 1
github.com/updu/updu/internal/checker/checker.go:89.37,91.28 2 1
github.com/updu/updu/internal/checker/checker.go:91.28,93.3 1 1
github.com/updu/updu/internal/checker/checker.go:94.2,94.14 1 1
github.com/updu/updu/internal/checker/dns.go:19.36,19.52 1 1
github.com/updu/updu/internal/checker/dns.go:21.61,23.53 2 1
github.com/updu/updu/internal/checker/dns.go:23.53,25.3 1 0
github.com/updu/updu/internal/checker/dns.go:26.2,26.20 1 1
github.com/updu/updu/internal/checker/dns.go:26.20,28.3 1 1
github.com/updu/updu/internal/checker/dns.go:29.2,29.12 1 1
github.com/updu/updu/internal/checker/dns.go:32.103,34.61 2 1
github.com/updu/updu/internal/checker/dns.go:34.61,36.3 1 0
github.com/updu/updu/internal/checker/dns.go:38.2,39.21 2 1
github.com/updu/updu/internal/checker/dns.go:39.21,41.3 1 0
github.com/updu/updu/internal/checker/dns.go:43.2,43.24 1 1
github.com/updu/updu/internal/checker/dns.go:43.24,46.79 1 0
github.com/updu/updu/internal/checker/dns.go:46.79,49.45 3 0
github.com/updu/updu/internal/checker/dns.go:49.45,51.6 1 0
github.com/updu/updu/internal/checker/dns.go:52.5,52.51 1 0
github.com/updu/updu/internal/checker/dns.go:57.2,62.22 5 1
github.com/updu/updu/internal/checker/dns.go:62.22,64.3 1 0
github.com/updu/updu/internal/checker/dns.go:66.2,70.37 4 1
github.com/updu/updu/internal/checker/dns.go:71.11,74.18 3 1
github.com/updu/updu/internal/checker/dns.go:75.14,78.26 3 1
github.com/updu/updu/internal/checker/dns.go:78.26,80.4 1 1
github.com/updu/updu/internal/checker/dns.go:81.15,84.18 3 1
github.com/updu/updu/internal/checker/dns.go:84.18,86.4 1 1
github.com/updu/updu/internal/checker/dns.go:87.12,90.26 3 1
github.com/updu/updu/internal/checker/dns.go:90.26,92.4 1 1
github.com/updu/updu/internal/checker/dns.go:93.13,94.51 1 0
github.com/updu/updu/internal/checker/dns.go:95.12,98.26 3 1
github.com/updu/updu/internal/checker/dns.go:98.26,100.4 1 1
github.com/updu/updu/internal/checker/dns.go:101.10,102.77 1 1
github.com/updu/updu/internal/checker/dns.go:105.2,113.16 3 1
github.com/updu/updu/internal/checker/dns.go:113.16,117.3 3 1
github.com/updu/updu/internal/checker/dns.go:119.2,119.23 1 1
github.com/updu/updu/internal/checker/dns.go:119.23,123.3 3 0
github.com/updu/updu/internal/checker/dns.go:126.2,126.24 1 1
github.com/updu/updu/internal/checker/dns.go:126.24,128.29 2 0
github.com/updu/updu/internal/checker/dns.go:128.29,129.41 1 0
github.com/updu/updu/internal/checker/dns.go:129.41,131.10 2 0
github.com/updu/updu/internal/checker/dns.go:134.3,134.13 1 0
github.com/updu/updu/internal/checker/dns.go:134.13,138.4 3 0
github.com/updu/updu/internal/checker/dns.go:141.2,150.20 5 1
github.com/updu/updu/internal/checker/http.go:19.37,19.54 1 1
github.com/updu/updu/internal/checker/http.go:21.62,23.53 2 1
github.com/updu/updu/internal/checker/http.go:23.53,25.3 1 0
github.com/updu/updu/internal/checker/http.go:26.2,26.19 1 1
github.com/updu/updu/internal/checker/http.go:26.19,28.3 1 1
github.com/updu/updu/internal/checker/http.go:29.2,29.12 1 1
github.com/updu/updu/internal/checker/http.go:32.104,34.61 2 1
github.com/updu/updu/internal/checker/http.go:34.61,36.3 1 1
github.com/updu/updu/internal/checker/http.go:38.2,39.18 2 1
github.com/updu/updu/internal/checker/http.go:39.18,41.3 1 1
github.com/updu/updu/internal/checker/http.go:43.2,52.69 2 1
github.com/updu/updu/internal/checker/http.go:52.69,53.22 1 0
github.com/updu/updu/internal/checker/http.go:53.22,55.5 1 0
github.com/updu/updu/internal/checker/http.go:56.4,56.14 1 0
github.com/updu/updu/internal/checker/http.go:60.2,61.20 2 1
github.com/updu/updu/internal/checker/http.go:61.20,63.3 1 1
github.com/updu/updu/internal/checker/http.go:65.2,66.16 2 1
github.com/updu/updu/internal/checker/http.go:66.16,68.3 1 1
github.com/updu/updu/internal/checker/http.go:70.2,70.32 1 1
github.com/updu/updu/internal/checker/http.go:70.32,72.3 1 1
github.com/updu/updu/internal/checker/http.go:74.2,78.16 4 1
github.com/updu/updu/internal/checker/http.go:78.16,86.3 1 0
github.com/updu/updu/internal/checker/http.go:87.2,99.25 5 1
github.com/updu/updu/internal/checker/http.go:99.25,101.3 1 1
github.com/updu/updu/internal/checker/http.go:103.2,103.43 1 1
github.com/updu/updu/internal/checker/http.go:103.43,106.3 2 1
github.com/updu/updu/internal/checker/http.go:106.8,106.71 1 1
github.com/updu/updu/internal/checker/http.go:106.71,109.3 2 0
github.com/updu/updu/internal/checker/http.go:109.8,111.3 1 1
github.com/updu/updu/internal/checker/http.go:114.2,114.64 1 1
github.com/updu/updu/internal/checker/http.go:114.64,116.17 2 1
github.com/updu/updu/internal/checker/http.go:116.17,119.4 2 0
github.com/updu/updu/internal/checker/http.go:119.9,119.63 1 1
github.com/updu/updu/internal/checker/http.go:119.63,122.4 2 0
github.com/updu/updu/internal/checker/http.go:125.2,125.20 1 1
github.com/updu/updu/internal/checker/http.go:128.64,135.2 1 1
github.com/updu/updu/internal/checker/json_api.go:19.40,19.57 1 1
github.com/updu/updu/internal/checker/json_api.go:21.65,23.53 2 0
github.com/updu/updu/internal/checker/json_api.go:23.53,25.3 1 0
github.com/updu/updu/internal/checker/json_api.go:26.2,26.19 1 0
github.com/updu/updu/internal/checker/json_api.go:26.19,28.3 1 0
github.com/updu/updu/internal/checker/json_api.go:29.2,29.21 1 0
github.com/updu/updu/internal/checker/json_api.go:29.21,31.3 1 0
github.com/updu/updu/internal/checker/json_api.go:32.2,32.29 1 0
github.com/updu/updu/internal/checker/json_api.go:32.29,34.3 1 0
github.com/updu/updu/internal/checker/json_api.go:35.2,35.12 1 0
github.com/updu/updu/internal/checker/json_api.go:38.107,40.61 2 0
github.com/updu/updu/internal/checker/json_api.go:40.61,42.3 1 0
github.com/updu/updu/internal/checker/json_api.go:44.2,45.18 2 0
github.com/updu/updu/internal/checker/json_api.go:45.18,47.3 1 0
github.com/updu/updu/internal/checker/json_api.go:49.2,50.18 2 0
github.com/updu/updu/internal/checker/json_api.go:50.18,52.3 1 0
github.com/updu/updu/internal/checker/json_api.go:54.2,64.16 3 0
github.com/updu/updu/internal/checker/json_api.go:64.16,66.3 1 0
github.com/updu/updu/internal/checker/json_api.go:67.2,79.16 6 0
github.com/updu/updu/internal/checker/json_api.go:79.16,83.3 3 0
github.com/updu/updu/internal/checker/json_api.go:84.2,89.43 4 0
github.com/updu/updu/internal/checker/json_api.go:89.43,93.3 3 0
github.com/updu/updu/internal/checker/json_api.go:96.2,97.16 2 0
github.com/updu/updu/internal/checker/json_api.go:97.16,101.3 3 0
github.com/updu/updu/internal/checker/json_api.go:104.2,105.52 2 0
github.com/updu/updu/internal/checker/json_api.go:105.52,109.3 3 0
github.com/updu/updu/internal/checker/json_api.go:112.2,113.12 2 0
github.com/updu/updu/internal/checker/json_api.go:113.12,117.3 3 0
github.com/updu/updu/internal/checker/json_api.go:119.2,120.36 2 0
github.com/updu/updu/internal/checker/json_api.go:120.36,124.3 3 0
github.com/updu/updu/internal/checker/json_api.go:126.2,128.20 3 0
github.com/updu/updu/internal/checker/json_api.go:132.65,136.29 3 0
github.com/updu/updu/internal/checker/json_api.go:136.29,138.10 2 0
github.com/updu/updu/internal/checker/json_api.go:138.10,140.4 1 0
github.com/updu/updu/internal/checker/json_api.go:141.3,142.10 2 0
github.com/updu/updu/internal/checker/json_api.go:142.10,144.4 1 0
github.com/updu/updu/internal/checker/json_api.go:146.2,146.22 1 0
github.com/updu/updu/internal/checker/mongo.go:19.38,21.2 1 1
github.com/updu/updu/internal/checker/mongo.go:24.105,33.62 4 1
github.com/updu/updu/internal/checker/mongo.go:33.62,36.3 2 1
github.com/updu/updu/internal/checker/mongo.go:38.2,43.16 3 1
github.com/updu/updu/internal/checker/mongo.go:43.16,46.3 2 0
github.com/updu/updu/internal/checker/mongo.go:47.2,47.15 1 1
github.com/updu/updu/internal/checker/mongo.go:47.15,50.3 1 1
github.com/updu/updu/internal/checker/mongo.go:53.2,53.61 1 1
github.com/updu/updu/internal/checker/mongo.go:53.61,56.3 2 1
github.com/updu/updu/internal/checker/mongo.go:58.2,62.20 5 0
github.com/updu/updu/internal/checker/mongo.go:66.63,68.54 2 1
github.com/updu/updu/internal/checker/mongo.go:68.54,70.3 1 1
github.com/updu/updu/internal/checker/mongo.go:72.2,72.33 1 1
github.com/updu/updu/internal/checker/mongo.go:72.33,74.3 1 1
github.com/updu/updu/internal/checker/mongo.go:76.2,76.12 1 1
github.com/updu/updu/internal/checker/mysql.go:18.38,20.2 1 1
github.com/updu/updu/internal/checker/mysql.go:23.105,32.62 4 1
github.com/updu/updu/internal/checker/mysql.go:32.62,35.3 2 1
github.com/updu/updu/internal/checker/mysql.go:37.2,38.15 2 1
github.com/updu/updu/internal/checker/mysql.go:38.15,41.26 2 1
github.com/updu/updu/internal/checker/mysql.go:41.26,43.4 1 0
github.com/updu/updu/internal/checker/mysql.go:44.3,44.17 1 1
github.com/updu/updu/internal/checker/mysql.go:44.17,46.4 1 0
github.com/updu/updu/internal/checker/mysql.go:47.3,48.62 2 1
github.com/updu/updu/internal/checker/mysql.go:52.2,53.16 2 1
github.com/updu/updu/internal/checker/mysql.go:53.16,56.3 2 0
github.com/updu/updu/internal/checker/mysql.go:57.2,60.44 2 1
github.com/updu/updu/internal/checker/mysql.go:60.44,63.3 2 1
github.com/updu/updu/internal/checker/mysql.go:66.2,68.28 3 0
github.com/updu/updu/internal/checker/mysql.go:68.28,71.3 2 0
github.com/updu/updu/internal/checker/mysql.go:73.2,77.20 5 0
github.com/updu/updu/internal/checker/mysql.go:81.63,83.54 2 1
github.com/updu/updu/internal/checker/mysql.go:83.54,85.3 1 1
github.com/updu/updu/internal/checker/mysql.go:87.2,87.52 1 1
github.com/updu/updu/internal/checker/mysql.go:87.52,89.3 1 1
github.com/updu/updu/internal/checker/mysql.go:91.2,91.62 1 1
github.com/updu/updu/internal/checker/mysql.go:91.62,93.3 1 1
github.com/updu/updu/internal/checker/mysql.go:95.2,95.12 1 1
github.com/updu/updu/internal/checker/ping.go:22.37,22.54 1 1
github.com/updu/updu/internal/checker/ping.go:24.62,26.53 2 1
github.com/updu/updu/internal/checker/ping.go:26.53,28.3 1 0
github.com/updu/updu/internal/checker/ping.go:29.2,29.20 1 1
github.com/updu/updu/internal/checker/ping.go:29.20,31.3 1 1
github.com/updu/updu/internal/checker/ping.go:32.2,32.12 1 1
github.com/updu/updu/internal/checker/ping.go:37.104,39.61 2 1
github.com/updu/updu/internal/checker/ping.go:39.61,41.3 1 0
github.com/updu/updu/internal/checker/ping.go:43.2,44.16 2 1
github.com/updu/updu/internal/checker/ping.go:44.16,46.3 1 1
github.com/updu/updu/internal/checker/ping.go:49.2,49.52 1 1
github.com/updu/updu/internal/checker/ping.go:49.52,56.3 1 0
github.com/updu/updu/internal/checker/ping.go:58.2,63.22 5 1
github.com/updu/updu/internal/checker/ping.go:63.22,65.3 1 0
github.com/updu/updu/internal/checker/ping.go:67.2,77.16 5 1
github.com/updu/updu/internal/checker/ping.go:77.16,82.3 4 1
github.com/updu/updu/internal/checker/ping.go:85.2,86.22 2 1
github.com/updu/updu/internal/checker/ping.go:86.22,88.29 2 1
github.com/updu/updu/internal/checker/ping.go:88.29,89.58 1 1
github.com/updu/updu/internal/checker/ping.go:89.58,91.5 1 1
github.com/updu/updu/internal/checker/ping.go:93.3,94.33 2 1
github.com/updu/updu/internal/checker/ping.go:95.8,97.3 1 0
github.com/updu/updu/internal/checker/ping.go:99.2,101.20 3 1
github.com/updu/updu/internal/checker/postgres.go:18.41,20.2 1 1
github.com/updu/updu/internal/checker/postgres.go:23.108,32.62 4 1
github.com/updu/updu/internal/checker/postgres.go:32.62,35.3 2 1
github.com/updu/updu/internal/checker/postgres.go:37.2,38.15 2 1
github.com/updu/updu/internal/checker/postgres.go:38.15,39.25 1 1
github.com/updu/updu/internal/checker/postgres.go:39.25,41.4 1 1
github.com/updu/updu/internal/checker/postgres.go:42.3,43.80 1 1
github.com/updu/updu/internal/checker/postgres.go:47.2,48.16 2 1
github.com/updu/updu/internal/checker/postgres.go:48.16,51.3 2 0
github.com/updu/updu/internal/checker/postgres.go:52.2,55.44 2 1
github.com/updu/updu/internal/checker/postgres.go:55.44,58.3 2 1
github.com/updu/updu/internal/checker/postgres.go:61.2,63.28 3 0
github.com/updu/updu/internal/checker/postgres.go:63.28,66.3 2 0
github.com/updu/updu/internal/checker/postgres.go:68.2,72.20 5 0
github.com/updu/updu/internal/checker/postgres.go:76.66,78.54 2 1
github.com/updu/updu/internal/checker/postgres.go:78.54,80.3 1 1
github.com/updu/updu/internal/checker/postgres.go:82.2,82.52 1 1
github.com/updu/updu/internal/checker/postgres.go:82.52,84.3 1 1
github.com/updu/updu/internal/checker/postgres.go:86.2,86.62 1 1
github.com/updu/updu/internal/checker/postgres.go:86.62,88.3 1 1
github.com/updu/updu/internal/checker/postgres.go:90.2,90.12 1 1
github.com/updu/updu/internal/checker/push.go:19.37,21.2 1 1
github.com/updu/updu/internal/checker/push.go:24.104,32.60 2 1
github.com/updu/updu/internal/checker/push.go:32.60,36.3 3 1
github.com/updu/updu/internal/checker/push.go:39.2,45.26 5 1
github.com/updu/updu/internal/checker/push.go:45.26,48.3 2 1
github.com/updu/updu/internal/checker/push.go:48.8,51.3 2 1
github.com/updu/updu/internal/checker/push.go:53.2,53.20 1 1
github.com/updu/updu/internal/checker/push.go:57.62,59.54 2 1
github.com/updu/updu/internal/checker/push.go:59.54,61.3 1 1
github.com/updu/updu/internal/checker/push.go:63.2,63.22 1 1
github.com/updu/updu/internal/checker/push.go:63.22,65.3 1 1
github.com/updu/updu/internal/checker/push.go:67.2,67.12 1 1
github.com/updu/updu/internal/checker/redis.go:18.38,20.2 1 1
github.com/updu/updu/internal/checker/redis.go:23.105,32.62 4 1
github.com/updu/updu/internal/checker/redis.go:32.62,35.3 2 1
github.com/updu/updu/internal/checker/redis.go:37.2,41.16 4 1
github.com/updu/updu/internal/checker/redis.go:41.16,44.3 2 0
github.com/updu/updu/internal/checker/redis.go:45.2,47.40 2 1
github.com/updu/updu/internal/checker/redis.go:47.40,49.3 1 0
github.com/updu/updu/internal/checker/redis.go:53.2,53.25 1 1
github.com/updu/updu/internal/checker/redis.go:53.25,55.56 2 1
github.com/updu/updu/internal/checker/redis.go:55.56,58.4 2 0
github.com/updu/updu/internal/checker/redis.go:60.3,62.17 3 1
github.com/updu/updu/internal/checker/redis.go:62.17,65.4 2 0
github.com/updu/updu/internal/checker/redis.go:67.3,68.41 2 1
github.com/updu/updu/internal/checker/redis.go:68.41,71.4 2 0
github.com/updu/updu/internal/checker/redis.go:75.2,75.23 1 1
github.com/updu/updu/internal/checker/redis.go:75.23,77.58 2 1
github.com/updu/updu/internal/checker/redis.go:77.58,80.4 2 0
github.com/updu/updu/internal/checker/redis.go:82.3,84.70 3 1
github.com/updu/updu/internal/checker/redis.go:84.70,87.4 2 0
github.com/updu/updu/internal/checker/redis.go:91.2,91.58 1 1
github.com/updu/updu/internal/checker/redis.go:91.58,94.3 2 0
github.com/updu/updu/internal/checker/redis.go:96.2,98.16 3 1
github.com/updu/updu/internal/checker/redis.go:98.16,101.3 2 0
github.com/updu/updu/internal/checker/redis.go:103.2,104.42 2 1
github.com/updu/updu/internal/checker/redis.go:104.42,107.3 2 0
github.com/updu/updu/internal/checker/redis.go:109.2,113.20 5 1
github.com/updu/updu/internal/checker/redis.go:117.63,119.54 2 1
github.com/updu/updu/internal/checker/redis.go:119.54,121.3 1 1
github.com/updu/updu/internal/checker/redis.go:123.2,123.21 1 1
github.com/updu/updu/internal/checker/redis.go:123.21,125.3 1 1
github.com/updu/updu/internal/checker/redis.go:127.2,127.41 1 1
github.com/updu/updu/internal/checker/redis.go:127.41,129.3 1 1
github.com/updu/updu/internal/checker/redis.go:131.2,131.12 1 1
github.com/updu/updu/internal/checker/smtp.go:19.37,21.2 1 1
github.com/updu/updu/internal/checker/smtp.go:24.104,33.62 4 1
github.com/updu/updu/internal/checker/smtp.go:33.62,36.3 2 1
github.com/updu/updu/internal/checker/smtp.go:38.2,43.16 4 1
github.com/updu/updu/internal/checker/smtp.go:43.16,46.3 2 1
github.com/updu/updu/internal/checker/smtp.go:47.2,50.41 2 1
github.com/updu/updu/internal/checker/smtp.go:50.41,52.55 2 0
github.com/updu/updu/internal/checker/smtp.go:52.55,55.4 2 0
github.com/updu/updu/internal/checker/smtp.go:56.3,56.17 1 0
github.com/updu/updu/internal/checker/smtp.go:59.2,60.16 2 1
github.com/updu/updu/internal/checker/smtp.go:60.16,63.3 2 0
github.com/updu/updu/internal/checker/smtp.go:64.2,67.41 2 1
github.com/updu/updu/internal/checker/smtp.go:67.41,68.48 1 0
github.com/updu/updu/internal/checker/smtp.go:68.48,70.49 2 0
github.com/updu/updu/internal/checker/smtp.go:70.49,73.5 2 0
github.com/updu/updu/internal/checker/smtp.go:74.9,77.4 2 0
github.com/updu/updu/internal/checker/smtp.go:81.2,81.50 1 1
github.com/updu/updu/internal/checker/smtp.go:81.50,84.3 2 0
github.com/updu/updu/internal/checker/smtp.go:86.2,90.20 5 1
github.com/updu/updu/internal/checker/smtp.go:94.62,96.54 2 1
github.com/updu/updu/internal/checker/smtp.go:96.54,98.3 1 1
github.com/updu/updu/internal/checker/smtp.go:100.2,100.21 1 1
github.com/updu/updu/internal/checker/smtp.go:100.21,102.3 1 1
github.com/updu/updu/internal/checker/smtp.go:104.2,104.20 1 1
github.com/updu/updu/internal/checker/smtp.go:104.20,106.3 1 1
github.com/updu/updu/internal/checker/smtp.go:108.2,108.12 1 1
github.com/updu/updu/internal/checker/ssh.go:18.36,18.52 1 1
github.com/updu/updu/internal/checker/ssh.go:20.61,22.53 2 1
github.com/updu/updu/internal/checker/ssh.go:22.53,24.3 1 1
github.com/updu/updu/internal/checker/ssh.go:25.2,25.20 1 1
github.com/updu/updu/internal/checker/ssh.go:25.20,27.3 1 1
github.com/updu/updu/internal/checker/ssh.go:28.2,28.12 1 1
github.com/updu/updu/internal/checker/ssh.go:31.103,33.61 2 1
github.com/updu/updu/internal/checker/ssh.go:33.61,35.3 1 1
github.com/updu/updu/internal/checker/ssh.go:37.2,38.15 2 1
github.com/updu/updu/internal/checker/ssh.go:38.15,40.3 1 0
github.com/updu/updu/internal/checker/ssh.go:42.2,44.18 3 1
github.com/updu/updu/internal/checker/ssh.go:44.18,46.3 1 1
github.com/updu/updu/internal/checker/ssh.go:48.2,58.16 5 1
github.com/updu/updu/internal/checker/ssh.go:58.16,62.3 3 1
github.com/updu/updu/internal/checker/ssh.go:63.2,69.16 5 1
github.com/updu/updu/internal/checker/ssh.go:69.16,73.3 3 0
github.com/updu/updu/internal/checker/ssh.go:75.2,76.40 2 1
github.com/updu/updu/internal/checker/ssh.go:76.40,80.3 3 0
github.com/updu/updu/internal/checker/ssh.go:82.2,84.20 3 1
github.com/updu/updu/internal/checker/ssl.go:18.36,18.52 1 1
github.com/updu/updu/internal/checker/ssl.go:20.61,22.53 2 1
github.com/updu/updu/internal/checker/ssl.go:22.53,24.3 1 0
github.com/updu/updu/internal/checker/ssl.go:25.2,25.20 1 1
github.com/updu/updu/internal/checker/ssl.go:25.20,27.3 1 1
github.com/updu/updu/internal/checker/ssl.go:28.2,28.12 1 1
github.com/updu/updu/internal/checker/ssl.go:31.103,33.61 2 1
github.com/updu/updu/internal/checker/ssl.go:33.61,35.3 1 0
github.com/updu/updu/internal/checker/ssl.go:37.2,38.15 2 1
github.com/updu/updu/internal/checker/ssl.go:38.15,40.3 1 0
github.com/updu/updu/internal/checker/ssl.go:42.2,43.27 2 1
github.com/updu/updu/internal/checker/ssl.go:43.27,45.3 1 1
github.com/updu/updu/internal/checker/ssl.go:48.2,49.18 2 1
github.com/updu/updu/internal/checker/ssl.go:49.18,51.3 1 0
github.com/updu/updu/internal/checker/ssl.go:53.2,65.16 5 1
github.com/updu/updu/internal/checker/ssl.go:65.16,73.3 1 1
github.com/updu/updu/internal/checker/ssl.go:74.2,78.38 3 1
github.com/updu/updu/internal/checker/ssl.go:78.38,86.3 1 0
github.com/updu/updu/internal/checker/ssl.go:88.2,97.24 4 1
github.com/updu/updu/internal/checker/ssl.go:97.24,100.3 2 1
github.com/updu/updu/internal/checker/ssl.go:100.8,100.73 1 1
github.com/updu/updu/internal/checker/ssl.go:100.73,103.3 2 1
github.com/updu/updu/internal/checker/ssl.go:103.8,106.3 2 1
github.com/updu/updu/internal/checker/ssl.go:108.2,108.20 1 1
github.com/updu/updu/internal/checker/tcp.go:17.36,17.52 1 1
github.com/updu/updu/internal/checker/tcp.go:19.61,21.53 2 1
github.com/updu/updu/internal/checker/tcp.go:21.53,23.3 1 0
github.com/updu/updu/internal/checker/tcp.go:24.2,24.20 1 1
github.com/updu/updu/internal/checker/tcp.go:24.20,26.3 1 1
github.com/updu/updu/internal/checker/tcp.go:27.2,27.39 1 1
github.com/updu/updu/internal/checker/tcp.go:27.39,29.3 1 0
github.com/updu/updu/internal/checker/tcp.go:30.2,30.12 1 1
github.com/updu/updu/internal/checker/tcp.go:33.103,35.61 2 1
github.com/updu/updu/internal/checker/tcp.go:35.61,37.3 1 0
github.com/updu/updu/internal/checker/tcp.go:39.2,52.16 7 1
github.com/updu/updu/internal/checker/tcp.go:52.16,55.3 2 1
github.com/updu/updu/internal/checker/tcp.go:55.8,59.3 3 1
github.com/updu/updu/internal/checker/tcp.go:61.2,61.20 1 1
github.com/updu/updu/internal/checker/udp.go:18.36,20.2 1 1
github.com/updu/updu/internal/checker/udp.go:23.103,32.62 4 1
github.com/updu/updu/internal/checker/udp.go:32.62,35.3 2 1
github.com/updu/updu/internal/checker/udp.go:37.2,43.16 4 1
github.com/updu/updu/internal/checker/udp.go:43.16,46.3 2 0
github.com/updu/updu/internal/checker/udp.go:47.2,51.28 2 1
github.com/updu/updu/internal/checker/udp.go:51.28,57.3 5 1
github.com/updu/updu/internal/checker/udp.go:60.2,61.8 2 1
github.com/updu/updu/internal/checker/udp.go:61.8,63.3 1 0
github.com/updu/updu/internal/checker/udp.go:65.2,66.16 2 1
github.com/updu/updu/internal/checker/udp.go:66.16,69.3 2 0
github.com/updu/updu/internal/checker/udp.go:72.2,74.16 3 1
github.com/updu/updu/internal/checker/udp.go:74.16,75.60 1 0
github.com/updu/updu/internal/checker/udp.go:75.60,77.4 1 0
github.com/updu/updu/internal/checker/udp.go:77.9,79.4 1 0
github.com/updu/updu/internal/checker/udp.go:80.3,80.21 1 0
github.com/updu/updu/internal/checker/udp.go:83.2,85.90 2 1
github.com/updu/updu/internal/checker/udp.go:85.90,88.3 2 0
github.com/updu/updu/internal/checker/udp.go:90.2,94.20 5 1
github.com/updu/updu/internal/checker/udp.go:98.61,100.54 2 1
github.com/updu/updu/internal/checker/udp.go:100.54,102.3 1 1
github.com/updu/updu/internal/checker/udp.go:104.2,104.21 1 1
github.com/updu/updu/internal/checker/udp.go:104.21,106.3 1 1
github.com/updu/updu/internal/checker/udp.go:108.2,108.41 1 1
github.com/updu/updu/internal/checker/udp.go:108.41,110.3 1 1
github.com/updu/updu/internal/checker/udp.go:112.2,112.59 1 1
github.com/updu/updu/internal/checker/udp.go:112.59,114.3 1 1
github.com/updu/updu/internal/checker/udp.go:116.2,116.12 1 1
github.com/updu/updu/internal/checker/websocket.go:19.42,21.2 1 1
github.com/updu/updu/internal/checker/websocket.go:24.109,33.62 4 1
github.com/updu/updu/internal/checker/websocket.go:33.62,36.3 2 1
github.com/updu/updu/internal/checker/websocket.go:39.2,43.24 2 1
github.com/updu/updu/internal/checker/websocket.go:43.24,49.3 1 0
github.com/updu/updu/internal/checker/websocket.go:52.2,53.16 2 1
github.com/updu/updu/internal/checker/websocket.go:53.16,55.18 2 1
github.com/updu/updu/internal/checker/websocket.go:55.18,59.4 3 0
github.com/updu/updu/internal/checker/websocket.go:60.3,60.21 1 1
github.com/updu/updu/internal/checker/websocket.go:62.2,72.17 8 1
github.com/updu/updu/internal/checker/websocket.go:72.17,74.3 1 1
github.com/updu/updu/internal/checker/websocket.go:75.2,77.20 2 1
github.com/updu/updu/internal/checker/websocket.go:81.67,83.54 2 1
github.com/updu/updu/internal/checker/websocket.go:83.54,85.3 1 1
github.com/updu/updu/internal/checker/websocket.go:87.2,87.20 1 1
github.com/updu/updu/internal/checker/websocket.go:87.20,89.3 1 1
github.com/updu/updu/internal/checker/websocket.go:91.2,91.12 1 1
